Processor: Intel(R) Xeon(R) CPU E5-2680 v2 @ 2.80GHz | CPU: 2793.255 | RAM: 61829552 kB
First run (create cache files)
NetteDatabase   | ~2.0.0          | Time:  8.842 s | Memory: 18.3 MB | PHP: 5.4.37
NetteDatabase   | ~2.1.0          | Time:  0.904 s | Memory: 17.2 MB | PHP: 5.4.37
NetteDatabase   | ~2.2.0          | Time:  0.881 s | Memory: 16.9 MB | PHP: 5.4.37
NetteDatabase   | ~2.3.0          | Time:  0.878 s | Memory: 19.3 MB | PHP: 5.4.37
Install library using `installall` for all or manually `composer install` for every library
Nextras\Orm     | ~1.0            | Time:  1.392 s | Memory: 25.3 MB | PHP: 5.4.37
YetORM          | ~8.0            | Time:  1.179 s | Memory: 21.1 MB | PHP: 5.4.37
LeanMapper      | ~2.0            | Time:  0.847 s | Memory: 17.3 MB | PHP: 5.4.37
NotORM          | dev-master      | Time:  3.518 s | Memory: 13.1 MB | PHP: 5.4.37
Doctrine2       | ~2.4.0          | Time:  8.603 s | Memory: 24.4 MB | PHP: 5.4.37


Second run (use cache)
NetteDatabase   | ~2.0.0          | Time:  9.468 s | Memory: 15.8 MB | PHP: 5.4.37
NetteDatabase   | ~2.1.0          | Time:  0.939 s | Memory: 14.6 MB | PHP: 5.4.37
NetteDatabase   | ~2.2.0          | Time:  0.921 s | Memory: 14.4 MB | PHP: 5.4.37
NetteDatabase   | ~2.3.0          | Time:  0.928 s | Memory: 16.7 MB | PHP: 5.4.37
Install library using `installall` for all or manually `composer install` for every library
Nextras\Orm     | ~1.0            | Time:  1.243 s | Memory: 25.0 MB | PHP: 5.4.37
YetORM          | ~8.0            | Time:  1.274 s | Memory: 18.5 MB | PHP: 5.4.37
LeanMapper      | ~2.0            | Time:  0.974 s | Memory: 17.3 MB | PHP: 5.4.37
NotORM          | dev-master      | Time:  3.717 s | Memory: 13.1 MB | PHP: 5.4.37
Doctrine2       | ~2.4.0          | Time:  1.497 s | Memory: 21.8 MB | PHP: 5.4.37



Processor: Intel(R) Xeon(R) CPU E5-2680 v2 @ 2.80GHz | CPU: 2800.139 | RAM: 61829564 kB
First run (create cache files)

Fatal error: Uncaught Error: Call to undefined function set_magic_quotes_runtime() in /home/travis/build/f3l1x/dbals-benchmark/src/NetteDatabase/v2.0/vendor/nette/nette/Nette/loader.php on line 25

Error: Call to undefined function set_magic_quotes_runtime() in /home/travis/build/f3l1x/dbals-benchmark/src/NetteDatabase/v2.0/vendor/nette/nette/Nette/loader.php on line 25

Call Stack:
    0.0003     376840   1. {main}() /home/travis/build/f3l1x/dbals-benchmark/src/NetteDatabase/v2.0/run-employees.php:0
    0.0004     384472   2. Bootstrap::check() /home/travis/build/f3l1x/dbals-benchmark/src/NetteDatabase/v2.0/run-employees.php:11
    0.0005     386472   3. include('/home/travis/build/f3l1x/dbals-benchmark/src/NetteDatabase/v2.0/vendor/autoload.php') /home/travis/build/f3l1x/dbals-benchmark/src/bootstrap.php:24
    0.0007     402136   4. ComposerAutoloaderInit87afbe0ae9915fd50ef9e0abb2e111b9::getLoader() /home/travis/build/f3l1x/dbals-benchmark/src/NetteDatabase/v2.0/vendor/autoload.php:7
    0.0012     463000   5. composerRequire87afbe0ae9915fd50ef9e0abb2e111b9() /home/travis/build/f3l1x/dbals-benchmark/src/NetteDatabase/v2.0/vendor/composer/autoload_real.php:56
    0.0014     476576   6. require('/home/travis/build/f3l1x/dbals-benchmark/src/NetteDatabase/v2.0/vendor/nette/nette/Nette/loader.php') /home/travis/build/f3l1x/dbals-benchmark/src/NetteDatabase/v2.0/vendor/composer/autoload_real.php:66

NetteDatabase   | ~2.1.0          | Time:  1.066 s | Memory: 14.0 MB | PHP: 7.0.15
NetteDatabase   | ~2.2.0          | Time:  1.066 s | Memory: 14.1 MB | PHP: 7.0.15
NetteDatabase   | ~2.3.0          | Time:  1.272 s | Memory: 15.7 MB | PHP: 7.0.15
Install library using `installall` for all or manually `composer install` for every library
Nextras\Orm     | ~1.0            | Time:  1.497 s | Memory: 19.5 MB | PHP: 7.0.15
YetORM          | ~8.0            | Time:  2.616 s | Memory: 15.2 MB | PHP: 7.0.15
LeanMapper      | ~2.0            | Time:  0.966 s | Memory: 12.8 MB | PHP: 7.0.15
NotORM          | dev-master      | Time:  6.551 s | Memory:  7.5 MB | PHP: 7.0.15
Doctrine2       | ~2.4.0          | Time:  8.598 s | Memory: 18.2 MB | PHP: 7.0.15


Second run (use cache)

Fatal error: Uncaught Error: Call to undefined function set_magic_quotes_runtime() in /home/travis/build/f3l1x/dbals-benchmark/src/NetteDatabase/v2.0/vendor/nette/nette/Nette/loader.php on line 25

Error: Call to undefined function set_magic_quotes_runtime() in /home/travis/build/f3l1x/dbals-benchmark/src/NetteDatabase/v2.0/vendor/nette/nette/Nette/loader.php on line 25

Call Stack:
    0.0003     376840   1. {main}() /home/travis/build/f3l1x/dbals-benchmark/src/NetteDatabase/v2.0/run-employees.php:0
    0.0005     384472   2. Bootstrap::check() /home/travis/build/f3l1x/dbals-benchmark/src/NetteDatabase/v2.0/run-employees.php:11
    0.0006     386472   3. include('/home/travis/build/f3l1x/dbals-benchmark/src/NetteDatabase/v2.0/vendor/autoload.php') /home/travis/build/f3l1x/dbals-benchmark/src/bootstrap.php:24
    0.0008     402136   4. ComposerAutoloaderInit87afbe0ae9915fd50ef9e0abb2e111b9::getLoader() /home/travis/build/f3l1x/dbals-benchmark/src/NetteDatabase/v2.0/vendor/autoload.php:7
    0.0017     463000   5. composerRequire87afbe0ae9915fd50ef9e0abb2e111b9() /home/travis/build/f3l1x/dbals-benchmark/src/NetteDatabase/v2.0/vendor/composer/autoload_real.php:56
    0.0018     476576   6. require('/home/travis/build/f3l1x/dbals-benchmark/src/NetteDatabase/v2.0/vendor/nette/nette/Nette/loader.php') /home/travis/build/f3l1x/dbals-benchmark/src/NetteDatabase/v2.0/vendor/composer/autoload_real.php:66

NetteDatabase   | ~2.1.0          | Time:  1.851 s | Memory: 11.8 MB | PHP: 7.0.15
NetteDatabase   | ~2.2.0          | Time:  1.111 s | Memory: 11.8 MB | PHP: 7.0.15
NetteDatabase   | ~2.3.0          | Time:  1.194 s | Memory: 13.4 MB | PHP: 7.0.15
Install library using `installall` for all or manually `composer install` for every library
Nextras\Orm     | ~1.0            | Time:  1.215 s | Memory: 19.2 MB | PHP: 7.0.15
YetORM          | ~8.0            | Time:  2.566 s | Memory: 12.8 MB | PHP: 7.0.15
LeanMapper      | ~2.0            | Time:  0.835 s | Memory: 12.8 MB | PHP: 7.0.15
NotORM          | dev-master      | Time:  4.947 s | Memory:  7.5 MB | PHP: 7.0.15
Doctrine2       | ~2.4.0          | Time:  1.340 s | Memory: 16.5 MB | PHP: 7.0.15



Processor: Intel(R) Xeon(R) CPU E5-2680 v2 @ 2.80GHz | CPU: 2800.042 | RAM: 61829552 kB
First run (create cache files)
NetteDatabase   | ~2.0.0          | Time: 10.456 s | Memory: 18.3 MB | PHP: 5.5.21
NetteDatabase   | ~2.1.0          | Time:  1.046 s | Memory: 17.2 MB | PHP: 5.5.21
NetteDatabase   | ~2.2.0          | Time:  1.050 s | Memory: 16.9 MB | PHP: 5.5.21
NetteDatabase   | ~2.3.0          | Time:  1.014 s | Memory: 19.3 MB | PHP: 5.5.21
Install library using `installall` for all or manually `composer install` for every library
Nextras\Orm     | ~1.0            | Time:  1.488 s | Memory: 25.3 MB | PHP: 5.5.21
YetORM          | ~8.0            | Time:  1.201 s | Memory: 21.1 MB | PHP: 5.5.21
LeanMapper      | ~2.0            | Time:  0.847 s | Memory: 17.3 MB | PHP: 5.5.21
NotORM          | dev-master      | Time:  3.677 s | Memory: 13.2 MB | PHP: 5.5.21
Doctrine2       | ~2.4.0          | Time:  8.518 s | Memory: 24.4 MB | PHP: 5.5.21


Second run (use cache)
NetteDatabase   | ~2.0.0          | Time:  9.837 s | Memory: 15.8 MB | PHP: 5.5.21
NetteDatabase   | ~2.1.0          | Time:  1.101 s | Memory: 14.6 MB | PHP: 5.5.21
NetteDatabase   | ~2.2.0          | Time:  1.204 s | Memory: 14.4 MB | PHP: 5.5.21
NetteDatabase   | ~2.3.0          | Time:  1.011 s | Memory: 16.8 MB | PHP: 5.5.21
Install library using `installall` for all or manually `composer install` for every library
Nextras\Orm     | ~1.0            | Time:  1.336 s | Memory: 25.0 MB | PHP: 5.5.21
YetORM          | ~8.0            | Time:  1.217 s | Memory: 18.6 MB | PHP: 5.5.21
LeanMapper      | ~2.0            | Time:  0.876 s | Memory: 17.3 MB | PHP: 5.5.21
NotORM          | dev-master      | Time:  3.622 s | Memory: 13.2 MB | PHP: 5.5.21
Doctrine2       | ~2.4.0          | Time:  1.535 s | Memory: 21.9 MB | PHP: 5.5.21



Processor: Intel(R) Xeon(R) CPU E5-2680 v2 @ 2.80GHz | CPU: 2800.096 | RAM: 61829552 kB
First run (create cache files)
NetteDatabase   | ~2.0.0          | Time: 10.408 s | Memory: 18.3 MB | PHP: 5.6.5
NetteDatabase   | ~2.1.0          | Time:  0.940 s | Memory: 17.2 MB | PHP: 5.6.5
NetteDatabase   | ~2.2.0          | Time:  0.976 s | Memory: 17.1 MB | PHP: 5.6.5
NetteDatabase   | ~2.3.0          | Time:  1.125 s | Memory: 19.5 MB | PHP: 5.6.5
Install library using `installall` for all or manually `composer install` for every library
Nextras\Orm     | ~1.0            | Time:  1.495 s | Memory: 25.4 MB | PHP: 5.6.5
YetORM          | ~8.0            | Time:  2.128 s | Memory: 19.3 MB | PHP: 5.6.5
LeanMapper      | ~2.0            | Time:  0.922 s | Memory: 17.3 MB | PHP: 5.6.5
NotORM          | dev-master      | Time:  3.721 s | Memory: 13.0 MB | PHP: 5.6.5
Doctrine2       | ~2.4.0          | Time:  9.368 s | Memory: 23.2 MB | PHP: 5.6.5


Second run (use cache)
NetteDatabase   | ~2.0.0          | Time: 10.489 s | Memory: 15.8 MB | PHP: 5.6.5
NetteDatabase   | ~2.1.0          | Time:  0.900 s | Memory: 14.7 MB | PHP: 5.6.5
NetteDatabase   | ~2.2.0          | Time:  0.844 s | Memory: 14.5 MB | PHP: 5.6.5
NetteDatabase   | ~2.3.0          | Time:  0.816 s | Memory: 16.9 MB | PHP: 5.6.5
Install library using `installall` for all or manually `composer install` for every library
Nextras\Orm     | ~1.0            | Time:  1.138 s | Memory: 25.1 MB | PHP: 5.6.5
YetORM          | ~8.0            | Time:  2.088 s | Memory: 16.7 MB | PHP: 5.6.5
LeanMapper      | ~2.0            | Time:  0.889 s | Memory: 17.3 MB | PHP: 5.6.5
NotORM          | dev-master      | Time:  3.509 s | Memory: 13.0 MB | PHP: 5.6.5
Doctrine2       | ~2.4.0          | Time:  1.455 s | Memory: 20.6 MB | PHP: 5.6.5



Processor: Intel(R) Xeon(R) CPU E5-2680 v2 @ 2.80GHz | CPU: 2793.352 | RAM: 61829552 kB
First run (create cache files)
NetteDatabase   | ~2.0.0          | Time:  1.537 s | Memory:  8.0 MB | PHP: 5.6.99-hhvm
NetteDatabase   | ~2.1.0          | Time:  1.310 s | Memory:  8.0 MB | PHP: 5.6.99-hhvm

Fatal error: Unpacking unsupported for calls to functions that take any arguments by reference in /home/travis/build/f3l1x/dbals-benchmark/src/NetteDatabase/v2.2/vendor/nette/utils/src/Utils/Callback.php on line 98
Georgi Facello (10001)
Salaries:

Fatal error: Unpacking unsupported for calls to functions that take any arguments by reference in /home/travis/build/f3l1x/dbals-benchmark/src/NetteDatabase/v2.3/vendor/nette/utils/src/Utils/Callback.php on line 98
Georgi Facello (10001)
Salaries:
Install library using `installall` for all or manually `composer install` for every library

Fatal error: Unpacking unsupported for calls to functions that take any arguments by reference in /home/travis/build/f3l1x/dbals-benchmark/src/NextrasOrm/v1.0/vendor/nette/utils/src/Utils/Callback.php on line 98

Fatal error: Unpacking unsupported for calls to functions that take any arguments by reference in /home/travis/build/f3l1x/dbals-benchmark/src/YetORM/v8.0/vendor/nette/utils/src/Utils/Callback.php on line 98
LeanMapper      | ~2.0            | Time:  1.075 s | Memory:  6.0 MB | PHP: 5.6.99-hhvm
NotORM          | dev-master      | Time:  0.411 s | Memory:  4.0 MB | PHP: 5.6.99-hhvm
Doctrine2       | ~2.4.0          | Time:  9.661 s | Memory:  6.0 MB | PHP: 5.6.99-hhvm


Second run (use cache)
NetteDatabase   | ~2.0.0          | Time:  1.331 s | Memory:  8.0 MB | PHP: 5.6.99-hhvm
NetteDatabase   | ~2.1.0          | Time:  0.736 s | Memory:  8.0 MB | PHP: 5.6.99-hhvm

Fatal error: Unpacking unsupported for calls to functions that take any arguments by reference in /home/travis/build/f3l1x/dbals-benchmark/src/NetteDatabase/v2.2/vendor/nette/utils/src/Utils/Callback.php on line 98
Georgi Facello (10001)
Salaries:

Fatal error: Unpacking unsupported for calls to functions that take any arguments by reference in /home/travis/build/f3l1x/dbals-benchmark/src/NetteDatabase/v2.3/vendor/nette/utils/src/Utils/Callback.php on line 98
Georgi Facello (10001)
Salaries:
Install library using `installall` for all or manually `composer install` for every library

Fatal error: Unpacking unsupported for calls to functions that take any arguments by reference in /home/travis/build/f3l1x/dbals-benchmark/src/NextrasOrm/v1.0/vendor/nette/utils/src/Utils/Callback.php on line 98

Fatal error: Unpacking unsupported for calls to functions that take any arguments by reference in /home/travis/build/f3l1x/dbals-benchmark/src/YetORM/v8.0/vendor/nette/utils/src/Utils/Callback.php on line 98
LeanMapper      | ~2.0            | Time:  0.755 s | Memory:  6.0 MB | PHP: 5.6.99-hhvm
NotORM          | dev-master      | Time:  0.390 s | Memory:  4.0 MB | PHP: 5.6.99-hhvm
Doctrine2       | ~2.4.0          | Time:  1.474 s | Memory:  6.0 MB | PHP: 5.6.99-hhvm



Processor: Intel(R) Xeon(R) CPU E5-2680 v2 @ 2.80GHz | CPU: 2800.092 | RAM: 61829552 kB
First run (create cache files)
NetteDatabase   | ~2.0.0          | Time:  9.042 s | Memory: 18.3 MB | PHP: 5.6.5
NetteDatabase   | ~2.1.0          | Time:  1.004 s | Memory: 17.2 MB | PHP: 5.6.5
NetteDatabase   | ~2.2.0          | Time:  0.844 s | Memory: 17.1 MB | PHP: 5.6.5
NetteDatabase   | ~2.3.0          | Time:  0.851 s | Memory: 19.5 MB | PHP: 5.6.5
Install library using `installall` for all or manually `composer install` for every library
Nextras\Orm     | ~1.0            | Time:  1.308 s | Memory: 25.4 MB | PHP: 5.6.5
YetORM          | ~8.0            | Time:  2.232 s | Memory: 19.3 MB | PHP: 5.6.5
LeanMapper      | ~2.0            | Time:  0.814 s | Memory: 17.3 MB | PHP: 5.6.5
NotORM          | dev-master      | Time:  3.369 s | Memory: 13.0 MB | PHP: 5.6.5
Doctrine2       | ~2.4.0          | Time:  8.473 s | Memory: 23.2 MB | PHP: 5.6.5


Second run (use cache)
NetteDatabase   | ~2.0.0          | Time:  9.500 s | Memory: 15.8 MB | PHP: 5.6.5
NetteDatabase   | ~2.1.0          | Time:  0.865 s | Memory: 14.7 MB | PHP: 5.6.5
NetteDatabase   | ~2.2.0          | Time:  0.841 s | Memory: 14.5 MB | PHP: 5.6.5
NetteDatabase   | ~2.3.0          | Time:  0.847 s | Memory: 16.9 MB | PHP: 5.6.5
Install library using `installall` for all or manually `composer install` for every library
Nextras\Orm     | ~1.0            | Time:  1.173 s | Memory: 25.1 MB | PHP: 5.6.5
YetORM          | ~8.0            | Time:  2.128 s | Memory: 16.7 MB | PHP: 5.6.5
LeanMapper      | ~2.0            | Time:  0.784 s | Memory: 17.3 MB | PHP: 5.6.5
NotORM          | dev-master      | Time:  3.636 s | Memory: 13.0 MB | PHP: 5.6.5
Doctrine2       | ~2.4.0          | Time:  1.471 s | Memory: 20.6 MB | PHP: 5.6.5



Processor: Intel(R) Xeon(R) CPU E5-2680 v2 @ 2.80GHz | CPU: 2800.120 | RAM: 61829564 kB
First run (create cache files)
NetteDatabase   | ~2.0.0          | Time:  8.932 s | Memory: 18.3 MB | PHP: 5.4.37
NetteDatabase   | ~2.1.0          | Time:  0.912 s | Memory: 17.2 MB | PHP: 5.4.37
NetteDatabase   | ~2.2.0          | Time:  1.298 s | Memory: 16.9 MB | PHP: 5.4.37
NetteDatabase   | ~2.3.0          | Time:  0.881 s | Memory: 19.3 MB | PHP: 5.4.37
Install library using `installall` for all or manually `composer install` for every library
Nextras\Orm     | ~1.0            | Time:  1.626 s | Memory: 25.3 MB | PHP: 5.4.37
YetORM          | ~8.0            | Time:  1.192 s | Memory: 21.1 MB | PHP: 5.4.37
LeanMapper      | ~2.0            | Time:  0.859 s | Memory: 17.3 MB | PHP: 5.4.37
NotORM          | dev-master      | Time:  3.390 s | Memory: 13.2 MB | PHP: 5.4.37
Doctrine2       | ~2.4.0          | Time:  8.499 s | Memory: 24.4 MB | PHP: 5.4.37


Second run (use cache)
NetteDatabase   | ~2.0.0          | Time:  9.188 s | Memory: 15.7 MB | PHP: 5.4.37
NetteDatabase   | ~2.1.0          | Time:  0.851 s | Memory: 14.6 MB | PHP: 5.4.37
NetteDatabase   | ~2.2.0          | Time:  0.920 s | Memory: 14.4 MB | PHP: 5.4.37
NetteDatabase   | ~2.3.0          | Time:  0.832 s | Memory: 16.7 MB | PHP: 5.4.37
Install library using `installall` for all or manually `composer install` for every library
Nextras\Orm     | ~1.0            | Time:  1.199 s | Memory: 25.0 MB | PHP: 5.4.37
YetORM          | ~8.0            | Time:  1.125 s | Memory: 18.5 MB | PHP: 5.4.37
LeanMapper      | ~2.0            | Time:  0.837 s | Memory: 17.3 MB | PHP: 5.4.37
NotORM          | dev-master      | Time:  3.241 s | Memory: 13.2 MB | PHP: 5.4.37
Doctrine2       | ~2.4.0          | Time:  1.566 s | Memory: 21.8 MB | PHP: 5.4.37



Processor: Intel(R) Xeon(R) CPU E5-2680 v2 @ 2.80GHz | CPU: 2799.926 | RAM: 61829564 kB
First run (create cache files)
NetteDatabase   | ~2.0.0          | Time:  2.422 s | Memory:  8.0 MB | PHP: 5.6.99-hhvm
NetteDatabase   | ~2.1.0          | Time:  1.364 s | Memory:  8.0 MB | PHP: 5.6.99-hhvm

Fatal error: Unpacking unsupported for calls to functions that take any arguments by reference in /home/travis/build/f3l1x/dbals-benchmark/src/NetteDatabase/v2.2/vendor/nette/utils/src/Utils/Callback.php on line 98
Georgi Facello (10001)
Salaries:

Fatal error: Unpacking unsupported for calls to functions that take any arguments by reference in /home/travis/build/f3l1x/dbals-benchmark/src/NetteDatabase/v2.3/vendor/nette/utils/src/Utils/Callback.php on line 98
Georgi Facello (10001)
Salaries:
Install library using `installall` for all or manually `composer install` for every library

Fatal error: Unpacking unsupported for calls to functions that take any arguments by reference in /home/travis/build/f3l1x/dbals-benchmark/src/NextrasOrm/v1.0/vendor/nette/utils/src/Utils/Callback.php on line 98

Fatal error: Unpacking unsupported for calls to functions that take any arguments by reference in /home/travis/build/f3l1x/dbals-benchmark/src/YetORM/v8.0/vendor/nette/utils/src/Utils/Callback.php on line 98
LeanMapper      | ~2.0            | Time:  1.263 s | Memory:  6.0 MB | PHP: 5.6.99-hhvm
NotORM          | dev-master      | Time:  0.653 s | Memory:  4.0 MB | PHP: 5.6.99-hhvm
Doctrine2       | ~2.4.0          | Time: 12.110 s | Memory:  6.0 MB | PHP: 5.6.99-hhvm


Second run (use cache)
NetteDatabase   | ~2.0.0          | Time:  1.380 s | Memory:  8.0 MB | PHP: 5.6.99-hhvm
NetteDatabase   | ~2.1.0          | Time:  0.795 s | Memory:  8.0 MB | PHP: 5.6.99-hhvm

Fatal error: Unpacking unsupported for calls to functions that take any arguments by reference in /home/travis/build/f3l1x/dbals-benchmark/src/NetteDatabase/v2.2/vendor/nette/utils/src/Utils/Callback.php on line 98
Georgi Facello (10001)
Salaries:

Fatal error: Unpacking unsupported for calls to functions that take any arguments by reference in /home/travis/build/f3l1x/dbals-benchmark/src/NetteDatabase/v2.3/vendor/nette/utils/src/Utils/Callback.php on line 98
Georgi Facello (10001)
Salaries:
Install library using `installall` for all or manually `composer install` for every library

Fatal error: Unpacking unsupported for calls to functions that take any arguments by reference in /home/travis/build/f3l1x/dbals-benchmark/src/NextrasOrm/v1.0/vendor/nette/utils/src/Utils/Callback.php on line 98

Fatal error: Unpacking unsupported for calls to functions that take any arguments by reference in /home/travis/build/f3l1x/dbals-benchmark/src/YetORM/v8.0/vendor/nette/utils/src/Utils/Callback.php on line 98
LeanMapper      | ~2.0            | Time:  0.783 s | Memory:  6.0 MB | PHP: 5.6.99-hhvm
NotORM          | dev-master      | Time:  0.393 s | Memory:  4.0 MB | PHP: 5.6.99-hhvm
Doctrine2       | ~2.4.0          | Time:  1.520 s | Memory:  6.0 MB | PHP: 5.6.99-hhvm



Processor: Intel(R) Xeon(R) CPU E5-2680 v2 @ 2.80GHz | CPU: 2800.075 | RAM: 61829552 kB
First run (create cache files)

Fatal error: Uncaught Error: Call to undefined function set_magic_quotes_runtime() in /home/travis/build/f3l1x/dbals-benchmark/src/NetteDatabase/v2.0/vendor/nette/nette/Nette/loader.php on line 25

Error: Call to undefined function set_magic_quotes_runtime() in /home/travis/build/f3l1x/dbals-benchmark/src/NetteDatabase/v2.0/vendor/nette/nette/Nette/loader.php on line 25

Call Stack:
    0.0003     376896   1. {main}() /home/travis/build/f3l1x/dbals-benchmark/src/NetteDatabase/v2.0/run-employees.php:0
    0.0005     384528   2. Bootstrap::check() /home/travis/build/f3l1x/dbals-benchmark/src/NetteDatabase/v2.0/run-employees.php:11
    0.0005     386528   3. include('/home/travis/build/f3l1x/dbals-benchmark/src/NetteDatabase/v2.0/vendor/autoload.php') /home/travis/build/f3l1x/dbals-benchmark/src/bootstrap.php:24
    0.0007     402192   4. ComposerAutoloaderInit2abbcec8f3bf8a969c6833d1f909fb88::getLoader() /home/travis/build/f3l1x/dbals-benchmark/src/NetteDatabase/v2.0/vendor/autoload.php:7
    0.0013     463056   5. composerRequire2abbcec8f3bf8a969c6833d1f909fb88() /home/travis/build/f3l1x/dbals-benchmark/src/NetteDatabase/v2.0/vendor/composer/autoload_real.php:56
    0.0014     476632   6. require('/home/travis/build/f3l1x/dbals-benchmark/src/NetteDatabase/v2.0/vendor/nette/nette/Nette/loader.php') /home/travis/build/f3l1x/dbals-benchmark/src/NetteDatabase/v2.0/vendor/composer/autoload_real.php:66

NetteDatabase   | ~2.1.0          | Time:  1.080 s | Memory: 14.0 MB | PHP: 7.0.15
NetteDatabase   | ~2.2.0          | Time:  0.921 s | Memory: 14.1 MB | PHP: 7.0.15
NetteDatabase   | ~2.3.0          | Time:  2.213 s | Memory: 15.7 MB | PHP: 7.0.15
Install library using `installall` for all or manually `composer install` for every library
Nextras\Orm     | ~1.0            | Time:  1.204 s | Memory: 19.5 MB | PHP: 7.0.15
YetORM          | ~8.0            | Time:  2.453 s | Memory: 15.2 MB | PHP: 7.0.15
LeanMapper      | ~2.0            | Time:  0.838 s | Memory: 12.8 MB | PHP: 7.0.15
NotORM          | dev-master      | Time:  4.388 s | Memory:  7.5 MB | PHP: 7.0.15
Doctrine2       | ~2.4.0          | Time:  7.868 s | Memory: 18.2 MB | PHP: 7.0.15


Second run (use cache)

Fatal error: Uncaught Error: Call to undefined function set_magic_quotes_runtime() in /home/travis/build/f3l1x/dbals-benchmark/src/NetteDatabase/v2.0/vendor/nette/nette/Nette/loader.php on line 25

Error: Call to undefined function set_magic_quotes_runtime() in /home/travis/build/f3l1x/dbals-benchmark/src/NetteDatabase/v2.0/vendor/nette/nette/Nette/loader.php on line 25

Call Stack:
    0.0002     376896   1. {main}() /home/travis/build/f3l1x/dbals-benchmark/src/NetteDatabase/v2.0/run-employees.php:0
    0.0004     384528   2. Bootstrap::check() /home/travis/build/f3l1x/dbals-benchmark/src/NetteDatabase/v2.0/run-employees.php:11
    0.0005     386528   3. include('/home/travis/build/f3l1x/dbals-benchmark/src/NetteDatabase/v2.0/vendor/autoload.php') /home/travis/build/f3l1x/dbals-benchmark/src/bootstrap.php:24
    0.0006     402192   4. ComposerAutoloaderInit2abbcec8f3bf8a969c6833d1f909fb88::getLoader() /home/travis/build/f3l1x/dbals-benchmark/src/NetteDatabase/v2.0/vendor/autoload.php:7
    0.0012     463056   5. composerRequire2abbcec8f3bf8a969c6833d1f909fb88() /home/travis/build/f3l1x/dbals-benchmark/src/NetteDatabase/v2.0/vendor/composer/autoload_real.php:56
    0.0013     476632   6. require('/home/travis/build/f3l1x/dbals-benchmark/src/NetteDatabase/v2.0/vendor/nette/nette/Nette/loader.php') /home/travis/build/f3l1x/dbals-benchmark/src/NetteDatabase/v2.0/vendor/composer/autoload_real.php:66

NetteDatabase   | ~2.1.0          | Time:  1.407 s | Memory: 11.8 MB | PHP: 7.0.15
NetteDatabase   | ~2.2.0          | Time:  1.011 s | Memory: 11.8 MB | PHP: 7.0.15
NetteDatabase   | ~2.3.0          | Time:  0.990 s | Memory: 13.4 MB | PHP: 7.0.15
Install library using `installall` for all or manually `composer install` for every library
Nextras\Orm     | ~1.0            | Time:  1.157 s | Memory: 19.2 MB | PHP: 7.0.15
YetORM          | ~8.0            | Time:  2.877 s | Memory: 12.8 MB | PHP: 7.0.15
LeanMapper      | ~2.0            | Time:  0.823 s | Memory: 12.8 MB | PHP: 7.0.15
NotORM          | dev-master      | Time:  4.812 s | Memory:  7.5 MB | PHP: 7.0.15
Doctrine2       | ~2.4.0          | Time:  1.433 s | Memory: 16.5 MB | PHP: 7.0.15



Processor: Intel(R) Xeon(R) CPU E5-2680 v2 @ 2.80GHz | CPU: 2800.181 | RAM: 61829552 kB
First run (create cache files)
NetteDatabase   | ~2.0.0          | Time: 16.453 s | Memory: 18.3 MB | PHP: 5.5.21
NetteDatabase   | ~2.1.0          | Time:  1.842 s | Memory: 17.2 MB | PHP: 5.5.21
NetteDatabase   | ~2.2.0          | Time:  1.744 s | Memory: 16.9 MB | PHP: 5.5.21
NetteDatabase   | ~2.3.0          | Time:  1.662 s | Memory: 19.3 MB | PHP: 5.5.21
Install library using `installall` for all or manually `composer install` for every library
Nextras\Orm     | ~1.0            | Time:  2.579 s | Memory: 25.3 MB | PHP: 5.5.21
YetORM          | ~8.0            | Time:  2.283 s | Memory: 21.1 MB | PHP: 5.5.21
LeanMapper      | ~2.0            | Time:  1.614 s | Memory: 17.3 MB | PHP: 5.5.21
NotORM          | dev-master      | Time:  7.219 s | Memory: 13.2 MB | PHP: 5.5.21
Doctrine2       | ~2.4.0          | Time: 12.923 s | Memory: 24.4 MB | PHP: 5.5.21


Second run (use cache)
NetteDatabase   | ~2.0.0          | Time: 14.994 s | Memory: 15.8 MB | PHP: 5.5.21
NetteDatabase   | ~2.1.0          | Time:  1.793 s | Memory: 14.6 MB | PHP: 5.5.21
NetteDatabase   | ~2.2.0          | Time:  1.694 s | Memory: 14.4 MB | PHP: 5.5.21
NetteDatabase   | ~2.3.0          | Time:  1.516 s | Memory: 16.8 MB | PHP: 5.5.21
Install library using `installall` for all or manually `composer install` for every library
Nextras\Orm     | ~1.0            | Time:  2.319 s | Memory: 25.0 MB | PHP: 5.5.21
YetORM          | ~8.0            | Time:  1.933 s | Memory: 18.6 MB | PHP: 5.5.21
LeanMapper      | ~2.0            | Time:  1.619 s | Memory: 17.3 MB | PHP: 5.5.21
NotORM          | dev-master      | Time:  6.185 s | Memory: 13.2 MB | PHP: 5.5.21
Doctrine2       | ~2.4.0          | Time:  2.705 s | Memory: 21.9 MB | PHP: 5.5.21



Processor: Intel(R) Xeon(R) CPU E5-2680 v2 @ 2.80GHz | CPU: 2793.342 | RAM: 61829552 kB
First run (create cache files)

Fatal error: Uncaught exception 'Nette\MemberAccessException' with message 'Call to undefined method Nette\Database\Connection::setCacheStorage().' in /home/travis/build/f3l1x/dbals-benchmark/src/NetteDatabase/v2.0/vendor/nette/utils/src/Utils/ObjectMixin.php on line 70

Nette\MemberAccessException: Call to undefined method Nette\Database\Connection::setCacheStorage(). in /home/travis/build/f3l1x/dbals-benchmark/src/NetteDatabase/v2.0/vendor/nette/utils/src/Utils/ObjectMixin.php on line 70

Call Stack:
    0.0002     253344   1. {main}() /home/travis/build/f3l1x/dbals-benchmark/src/NetteDatabase/v2.0/run-employees.php:0
    0.0172    2731432   2. Nette\Database\Connection->setCacheStorage() /home/travis/build/f3l1x/dbals-benchmark/src/NetteDatabase/v2.0/run-employees.php:20
    0.0172    2731784   3. Nette\Database\Connection->__call() /home/travis/build/f3l1x/dbals-benchmark/src/NetteDatabase/v2.0/run-employees.php:20
    0.0175    2737416   4. Nette\Utils\ObjectMixin::strictCall() /home/travis/build/f3l1x/dbals-benchmark/src/NetteDatabase/v2.0/vendor/nette/utils/src/Utils/SmartObject.php:76


Fatal error: Class 'Nette\Database\Reflection\DiscoveredReflection' not found in /home/travis/build/f3l1x/dbals-benchmark/src/NetteDatabase/v2.1/run-employees.php on line 23

Call Stack:
    0.0002     252168   1. {main}() /home/travis/build/f3l1x/dbals-benchmark/src/NetteDatabase/v2.1/run-employees.php:0


Fatal error: Class 'Nette\Database\Reflection\DiscoveredReflection' not found in /home/travis/build/f3l1x/dbals-benchmark/src/NetteDatabase/v2.2/run-employees.php on line 23

Call Stack:
    0.0002     252168   1. {main}() /home/travis/build/f3l1x/dbals-benchmark/src/NetteDatabase/v2.2/run-employees.php:0

NetteDatabase   | ^2.3.0          | Time:  2.158 s | Memory: 17.9 MB | PHP: 5.6.5

Fatal error: Uncaught exception 'Nette\DirectoryNotFoundException' with message 'Directory '/home/travis/build/f3l1x/dbals-benchmark/src/NetteDatabase/v2.4/temp' not found.' in /home/travis/build/f3l1x/dbals-benchmark/src/NetteDatabase/v2.4/vendor/nette/caching/src/Caching/Storages/FileStorage.php on line 69

Nette\DirectoryNotFoundException: Directory '/home/travis/build/f3l1x/dbals-benchmark/src/NetteDatabase/v2.4/temp' not found. in /home/travis/build/f3l1x/dbals-benchmark/src/NetteDatabase/v2.4/vendor/nette/caching/src/Caching/Storages/FileStorage.php on line 69

Call Stack:
    0.0002     253032   1. {main}() /home/travis/build/f3l1x/dbals-benchmark/src/NetteDatabase/v2.4/run-employees.php:0
    0.0028     614424   2. Nette\Caching\Storages\FileStorage->__construct() /home/travis/build/f3l1x/dbals-benchmark/src/NetteDatabase/v2.4/run-employees.php:14

Skip: This library needs >=7.0.0, current version is 5.6.5.Nextras\Orm     | ^1.0.0          | Time:  1.376 s | Memory: 25.4 MB | PHP: 5.6.5

Fatal error: Class 'Model\Repository\Entity\Employee' not found in /home/travis/build/f3l1x/dbals-benchmark/src/YetORM/v8.0/vendor/uestla/yetorm/src/YetORM/Repository.php on line 52

Call Stack:
    0.0004     254800   1. {main}() /home/travis/build/f3l1x/dbals-benchmark/src/YetORM/v8.0/run-employees.php:0
    0.0343    2823016   2. YetORM\EntityCollection->rewind() /home/travis/build/f3l1x/dbals-benchmark/src/YetORM/v8.0/run-employees.php:31
    0.0343    2823248   3. YetORM\EntityCollection->loadData() /home/travis/build/f3l1x/dbals-benchmark/src/YetORM/v8.0/vendor/uestla/yetorm/src/YetORM/EntityCollection.php:158
    0.0590    3906432   4. Nette\Utils\Callback::invoke() /home/travis/build/f3l1x/dbals-benchmark/src/YetORM/v8.0/vendor/uestla/yetorm/src/YetORM/EntityCollection.php:87
    0.0590    3906784   5. call_user_func_array:{/home/travis/build/f3l1x/dbals-benchmark/src/YetORM/v8.0/vendor/nette/utils/src/Utils/Callback.php:62}() /home/travis/build/f3l1x/dbals-benchmark/src/YetORM/v8.0/vendor/nette/utils/src/Utils/Callback.php:62
    0.0590    3907152   6. YetORM\Repository->createEntity() /home/travis/build/f3l1x/dbals-benchmark/src/YetORM/v8.0/vendor/nette/utils/src/Utils/Callback.php:62

LeanMapper      | ^2.2.0          | Time:  0.873 s | Memory: 17.3 MB | PHP: 5.6.5
NotORM          | dev-master      | Time:  3.943 s | Memory: 13.0 MB | PHP: 5.6.5
Doctrine2       | ^2.4.0          | Time:  8.658 s | Memory: 23.6 MB | PHP: 5.6.5


Second run (use cache)

Fatal error: Uncaught exception 'Nette\MemberAccessException' with message 'Call to undefined method Nette\Database\Connection::setCacheStorage().' in /home/travis/build/f3l1x/dbals-benchmark/src/NetteDatabase/v2.0/vendor/nette/utils/src/Utils/ObjectMixin.php on line 70

Nette\MemberAccessException: Call to undefined method Nette\Database\Connection::setCacheStorage(). in /home/travis/build/f3l1x/dbals-benchmark/src/NetteDatabase/v2.0/vendor/nette/utils/src/Utils/ObjectMixin.php on line 70

Call Stack:
    0.0003     253344   1. {main}() /home/travis/build/f3l1x/dbals-benchmark/src/NetteDatabase/v2.0/run-employees.php:0
    0.0268    2731432   2. Nette\Database\Connection->setCacheStorage() /home/travis/build/f3l1x/dbals-benchmark/src/NetteDatabase/v2.0/run-employees.php:20
    0.0268    2731784   3. Nette\Database\Connection->__call() /home/travis/build/f3l1x/dbals-benchmark/src/NetteDatabase/v2.0/run-employees.php:20
    0.0271    2737416   4. Nette\Utils\ObjectMixin::strictCall() /home/travis/build/f3l1x/dbals-benchmark/src/NetteDatabase/v2.0/vendor/nette/utils/src/Utils/SmartObject.php:76


Fatal error: Class 'Nette\Database\Reflection\DiscoveredReflection' not found in /home/travis/build/f3l1x/dbals-benchmark/src/NetteDatabase/v2.1/run-employees.php on line 23

Call Stack:
    0.0002     252168   1. {main}() /home/travis/build/f3l1x/dbals-benchmark/src/NetteDatabase/v2.1/run-employees.php:0


Fatal error: Class 'Nette\Database\Reflection\DiscoveredReflection' not found in /home/travis/build/f3l1x/dbals-benchmark/src/NetteDatabase/v2.2/run-employees.php on line 23

Call Stack:
    0.0003     252168   1. {main}() /home/travis/build/f3l1x/dbals-benchmark/src/NetteDatabase/v2.2/run-employees.php:0

NetteDatabase   | ^2.3.0          | Time:  1.946 s | Memory: 15.4 MB | PHP: 5.6.5

Fatal error: Uncaught exception 'Nette\DirectoryNotFoundException' with message 'Directory '/home/travis/build/f3l1x/dbals-benchmark/src/NetteDatabase/v2.4/temp' not found.' in /home/travis/build/f3l1x/dbals-benchmark/src/NetteDatabase/v2.4/vendor/nette/caching/src/Caching/Storages/FileStorage.php on line 69

Nette\DirectoryNotFoundException: Directory '/home/travis/build/f3l1x/dbals-benchmark/src/NetteDatabase/v2.4/temp' not found. in /home/travis/build/f3l1x/dbals-benchmark/src/NetteDatabase/v2.4/vendor/nette/caching/src/Caching/Storages/FileStorage.php on line 69

Call Stack:
    0.0002     253032   1. {main}() /home/travis/build/f3l1x/dbals-benchmark/src/NetteDatabase/v2.4/run-employees.php:0
    0.0029     614424   2. Nette\Caching\Storages\FileStorage->__construct() /home/travis/build/f3l1x/dbals-benchmark/src/NetteDatabase/v2.4/run-employees.php:14

Skip: This library needs >=7.0.0, current version is 5.6.5.Nextras\Orm     | ^1.0.0          | Time:  1.413 s | Memory: 25.1 MB | PHP: 5.6.5

Fatal error: Class 'Model\Repository\Entity\Employee' not found in /home/travis/build/f3l1x/dbals-benchmark/src/YetORM/v8.0/vendor/uestla/yetorm/src/YetORM/Repository.php on line 52

Call Stack:
    0.0002     254800   1. {main}() /home/travis/build/f3l1x/dbals-benchmark/src/YetORM/v8.0/run-employees.php:0
    0.0181    2701472   2. YetORM\EntityCollection->rewind() /home/travis/build/f3l1x/dbals-benchmark/src/YetORM/v8.0/run-employees.php:31
    0.0181    2701704   3. YetORM\EntityCollection->loadData() /home/travis/build/f3l1x/dbals-benchmark/src/YetORM/v8.0/vendor/uestla/yetorm/src/YetORM/EntityCollection.php:158
    0.0491    3880216   4. Nette\Utils\Callback::invoke() /home/travis/build/f3l1x/dbals-benchmark/src/YetORM/v8.0/vendor/uestla/yetorm/src/YetORM/EntityCollection.php:87
    0.0491    3880568   5. call_user_func_array:{/home/travis/build/f3l1x/dbals-benchmark/src/YetORM/v8.0/vendor/nette/utils/src/Utils/Callback.php:62}() /home/travis/build/f3l1x/dbals-benchmark/src/YetORM/v8.0/vendor/nette/utils/src/Utils/Callback.php:62
    0.0491    3880936   6. YetORM\Repository->createEntity() /home/travis/build/f3l1x/dbals-benchmark/src/YetORM/v8.0/vendor/nette/utils/src/Utils/Callback.php:62

LeanMapper      | ^2.2.0          | Time:  0.781 s | Memory: 17.3 MB | PHP: 5.6.5
NotORM          | dev-master      | Time:  3.156 s | Memory: 13.0 MB | PHP: 5.6.5
Doctrine2       | ^2.4.0          | Time:  1.972 s | Memory: 21.3 MB | PHP: 5.6.5



Processor: Intel(R) Xeon(R) CPU E5-2680 v2 @ 2.80GHz | CPU: 2793.175 | RAM: 61829552 kB
First run (create cache files)

Fatal error: Uncaught exception 'Nette\MemberAccessException' with message 'Call to undefined method Nette\Database\Connection::setCacheStorage().' in /home/travis/build/f3l1x/dbals-benchmark/src/NetteDatabase/v2.0/vendor/nette/utils/src/Utils/ObjectMixin.php:70
Stack trace:
#0 /home/travis/build/f3l1x/dbals-benchmark/src/NetteDatabase/v2.0/vendor/nette/utils/src/Utils/SmartObject.php(76): Nette\Utils\ObjectMixin::strictCall()
#1 /home/travis/build/f3l1x/dbals-benchmark/src/NetteDatabase/v2.0/run-employees.php(20): Nette\Database\Connection->__call()
#2 {main}

Fatal error: Class undefined: Nette\Database\Reflection\DiscoveredReflection in /home/travis/build/f3l1x/dbals-benchmark/src/NetteDatabase/v2.1/run-employees.php on line 23

Fatal error: Class undefined: Nette\Database\Reflection\DiscoveredReflection in /home/travis/build/f3l1x/dbals-benchmark/src/NetteDatabase/v2.2/run-employees.php on line 23

Fatal error: Unpacking unsupported for calls to functions that take any arguments by reference in /home/travis/build/f3l1x/dbals-benchmark/src/NetteDatabase/v2.3/vendor/nette/utils/src/Utils/Callback.php on line 98
Georgi Facello (10001)
Salaries:

Fatal error: Uncaught exception 'Nette\DirectoryNotFoundException' with message 'Directory '/home/travis/build/f3l1x/dbals-benchmark/src/NetteDatabase/v2.4/temp' not found.' in /home/travis/build/f3l1x/dbals-benchmark/src/NetteDatabase/v2.4/vendor/nette/caching/src/Caching/Storages/FileStorage.php:69
Stack trace:
#0 /home/travis/build/f3l1x/dbals-benchmark/src/NetteDatabase/v2.4/run-employees.php(14): Nette\Caching\Storages\FileStorage->__construct()
#1 {main}
Skip: This library needs >=7.0.0, current version is 5.6.99-hhvm.
Fatal error: Unpacking unsupported for calls to functions that take any arguments by reference in /home/travis/build/f3l1x/dbals-benchmark/src/NextrasOrm/v1.0/vendor/nette/utils/src/Utils/Callback.php on line 98

Fatal error: Unpacking unsupported for calls to functions that take any arguments by reference in /home/travis/build/f3l1x/dbals-benchmark/src/YetORM/v8.0/vendor/nette/utils/src/Utils/Callback.php on line 98
LeanMapper      | ^2.2.0          | Time:  0.902 s | Memory:  6.0 MB | PHP: 5.6.99-hhvm
NotORM          | dev-master      | Time:  0.402 s | Memory:  4.0 MB | PHP: 5.6.99-hhvm
Doctrine2       | ^2.4.0          | Time:  9.689 s | Memory:  6.0 MB | PHP: 5.6.99-hhvm


Second run (use cache)

Fatal error: Uncaught exception 'Nette\MemberAccessException' with message 'Call to undefined method Nette\Database\Connection::setCacheStorage().' in /home/travis/build/f3l1x/dbals-benchmark/src/NetteDatabase/v2.0/vendor/nette/utils/src/Utils/ObjectMixin.php:70
Stack trace:
#0 /home/travis/build/f3l1x/dbals-benchmark/src/NetteDatabase/v2.0/vendor/nette/utils/src/Utils/SmartObject.php(76): Nette\Utils\ObjectMixin::strictCall()
#1 /home/travis/build/f3l1x/dbals-benchmark/src/NetteDatabase/v2.0/run-employees.php(20): Nette\Database\Connection->__call()
#2 {main}

Fatal error: Class undefined: Nette\Database\Reflection\DiscoveredReflection in /home/travis/build/f3l1x/dbals-benchmark/src/NetteDatabase/v2.1/run-employees.php on line 23

Fatal error: Class undefined: Nette\Database\Reflection\DiscoveredReflection in /home/travis/build/f3l1x/dbals-benchmark/src/NetteDatabase/v2.2/run-employees.php on line 23

Fatal error: Unpacking unsupported for calls to functions that take any arguments by reference in /home/travis/build/f3l1x/dbals-benchmark/src/NetteDatabase/v2.3/vendor/nette/utils/src/Utils/Callback.php on line 98
Georgi Facello (10001)
Salaries:

Fatal error: Uncaught exception 'Nette\DirectoryNotFoundException' with message 'Directory '/home/travis/build/f3l1x/dbals-benchmark/src/NetteDatabase/v2.4/temp' not found.' in /home/travis/build/f3l1x/dbals-benchmark/src/NetteDatabase/v2.4/vendor/nette/caching/src/Caching/Storages/FileStorage.php:69
Stack trace:
#0 /home/travis/build/f3l1x/dbals-benchmark/src/NetteDatabase/v2.4/run-employees.php(14): Nette\Caching\Storages\FileStorage->__construct()
#1 {main}
Skip: This library needs >=7.0.0, current version is 5.6.99-hhvm.
Fatal error: Unpacking unsupported for calls to functions that take any arguments by reference in /home/travis/build/f3l1x/dbals-benchmark/src/NextrasOrm/v1.0/vendor/nette/utils/src/Utils/Callback.php on line 98

Fatal error: Unpacking unsupported for calls to functions that take any arguments by reference in /home/travis/build/f3l1x/dbals-benchmark/src/YetORM/v8.0/vendor/nette/utils/src/Utils/Callback.php on line 98
LeanMapper      | ^2.2.0          | Time:  0.775 s | Memory:  6.0 MB | PHP: 5.6.99-hhvm
NotORM          | dev-master      | Time:  0.403 s | Memory:  4.0 MB | PHP: 5.6.99-hhvm
Doctrine2       | ^2.4.0          | Time:  1.509 s | Memory:  6.0 MB | PHP: 5.6.99-hhvm



Processor: Intel(R) Xeon(R) CPU E5-2680 v2 @ 2.80GHz | CPU: 2799.945 | RAM: 61829552 kB
First run (create cache files)
Skip: This library needs <7.0.0, current version is 7.0.15.
Fatal error: Uncaught Error: Class 'Nette\Database\Reflection\DiscoveredReflection' not found in /home/travis/build/f3l1x/dbals-benchmark/src/NetteDatabase/v2.1/run-employees.php on line 23

Error: Class 'Nette\Database\Reflection\DiscoveredReflection' not found in /home/travis/build/f3l1x/dbals-benchmark/src/NetteDatabase/v2.1/run-employees.php on line 23

Call Stack:
    0.0002     376800   1. {main}() /home/travis/build/f3l1x/dbals-benchmark/src/NetteDatabase/v2.1/run-employees.php:0


Fatal error: Uncaught Error: Class 'Nette\Database\Reflection\DiscoveredReflection' not found in /home/travis/build/f3l1x/dbals-benchmark/src/NetteDatabase/v2.2/run-employees.php on line 23

Error: Class 'Nette\Database\Reflection\DiscoveredReflection' not found in /home/travis/build/f3l1x/dbals-benchmark/src/NetteDatabase/v2.2/run-employees.php on line 23

Call Stack:
    0.0002     376800   1. {main}() /home/travis/build/f3l1x/dbals-benchmark/src/NetteDatabase/v2.2/run-employees.php:0

NetteDatabase   | ^2.3.0          | Time:  3.114 s | Memory: 14.5 MB | PHP: 7.0.15

Fatal error: Uncaught Nette\DirectoryNotFoundException: Directory '/home/travis/build/f3l1x/dbals-benchmark/src/NetteDatabase/v2.4/temp' not found. in /home/travis/build/f3l1x/dbals-benchmark/src/NetteDatabase/v2.4/vendor/nette/caching/src/Caching/Storages/FileStorage.php on line 69

Nette\DirectoryNotFoundException: Directory '/home/travis/build/f3l1x/dbals-benchmark/src/NetteDatabase/v2.4/temp' not found. in /home/travis/build/f3l1x/dbals-benchmark/src/NetteDatabase/v2.4/vendor/nette/caching/src/Caching/Storages/FileStorage.php on line 69

Call Stack:
    0.0002     377008   1. {main}() /home/travis/build/f3l1x/dbals-benchmark/src/NetteDatabase/v2.4/run-employees.php:0
    0.0024     632624   2. Nette\Caching\Storages\FileStorage->__construct() /home/travis/build/f3l1x/dbals-benchmark/src/NetteDatabase/v2.4/run-employees.php:14

Install library using `install` for all or manually `composer install` for every library
Nextras\Orm     | ^1.0.0          | Time:  1.389 s | Memory: 19.5 MB | PHP: 7.0.15

Fatal error: Uncaught Error: Class 'Model\Repository\Entity\Employee' not found in /home/travis/build/f3l1x/dbals-benchmark/src/YetORM/v8.0/vendor/uestla/yetorm/src/YetORM/Repository.php on line 52

Error: Class 'Model\Repository\Entity\Employee' not found in /home/travis/build/f3l1x/dbals-benchmark/src/YetORM/v8.0/vendor/uestla/yetorm/src/YetORM/Repository.php on line 52

Call Stack:
    0.0003     377416   1. {main}() /home/travis/build/f3l1x/dbals-benchmark/src/YetORM/v8.0/run-employees.php:0
    0.0284    2163000   2. YetORM\EntityCollection->rewind() /home/travis/build/f3l1x/dbals-benchmark/src/YetORM/v8.0/run-employees.php:31
    0.0284    2163000   3. YetORM\EntityCollection->loadData() /home/travis/build/f3l1x/dbals-benchmark/src/YetORM/v8.0/vendor/uestla/yetorm/src/YetORM/EntityCollection.php:158
    0.0494    2924072   4. Nette\Utils\Callback::invoke() /home/travis/build/f3l1x/dbals-benchmark/src/YetORM/v8.0/vendor/uestla/yetorm/src/YetORM/EntityCollection.php:87
    0.0495    2924448   5. call_user_func_array:{/home/travis/build/f3l1x/dbals-benchmark/src/YetORM/v8.0/vendor/nette/utils/src/Utils/Callback.php:62}() /home/travis/build/f3l1x/dbals-benchmark/src/YetORM/v8.0/vendor/nette/utils/src/Utils/Callback.php:62
    0.0495    2924840   6. YetORM\Repository->createEntity() /home/travis/build/f3l1x/dbals-benchmark/src/YetORM/v8.0/vendor/nette/utils/src/Utils/Callback.php:62

LeanMapper      | ^2.2.0          | Time:  0.983 s | Memory: 12.8 MB | PHP: 7.0.15
NotORM          | dev-master      | Time:  2.763 s | Memory:  7.5 MB | PHP: 7.0.15
Doctrine2       | ^2.4.0          | Time:  9.469 s | Memory: 18.3 MB | PHP: 7.0.15


Second run (use cache)
Skip: This library needs <7.0.0, current version is 7.0.15.
Fatal error: Uncaught Error: Class 'Nette\Database\Reflection\DiscoveredReflection' not found in /home/travis/build/f3l1x/dbals-benchmark/src/NetteDatabase/v2.1/run-employees.php on line 23

Error: Class 'Nette\Database\Reflection\DiscoveredReflection' not found in /home/travis/build/f3l1x/dbals-benchmark/src/NetteDatabase/v2.1/run-employees.php on line 23

Call Stack:
    0.0001     376800   1. {main}() /home/travis/build/f3l1x/dbals-benchmark/src/NetteDatabase/v2.1/run-employees.php:0


Fatal error: Uncaught Error: Class 'Nette\Database\Reflection\DiscoveredReflection' not found in /home/travis/build/f3l1x/dbals-benchmark/src/NetteDatabase/v2.2/run-employees.php on line 23

Error: Class 'Nette\Database\Reflection\DiscoveredReflection' not found in /home/travis/build/f3l1x/dbals-benchmark/src/NetteDatabase/v2.2/run-employees.php on line 23

Call Stack:
    0.0002     376800   1. {main}() /home/travis/build/f3l1x/dbals-benchmark/src/NetteDatabase/v2.2/run-employees.php:0

NetteDatabase   | ^2.3.0          | Time:  1.954 s | Memory: 12.2 MB | PHP: 7.0.15

Fatal error: Uncaught Nette\DirectoryNotFoundException: Directory '/home/travis/build/f3l1x/dbals-benchmark/src/NetteDatabase/v2.4/temp' not found. in /home/travis/build/f3l1x/dbals-benchmark/src/NetteDatabase/v2.4/vendor/nette/caching/src/Caching/Storages/FileStorage.php on line 69

Nette\DirectoryNotFoundException: Directory '/home/travis/build/f3l1x/dbals-benchmark/src/NetteDatabase/v2.4/temp' not found. in /home/travis/build/f3l1x/dbals-benchmark/src/NetteDatabase/v2.4/vendor/nette/caching/src/Caching/Storages/FileStorage.php on line 69

Call Stack:
    0.0002     377008   1. {main}() /home/travis/build/f3l1x/dbals-benchmark/src/NetteDatabase/v2.4/run-employees.php:0
    0.0021     632624   2. Nette\Caching\Storages\FileStorage->__construct() /home/travis/build/f3l1x/dbals-benchmark/src/NetteDatabase/v2.4/run-employees.php:14

Install library using `install` for all or manually `composer install` for every library
Nextras\Orm     | ^1.0.0          | Time:  1.071 s | Memory: 19.2 MB | PHP: 7.0.15

Fatal error: Uncaught Error: Class 'Model\Repository\Entity\Employee' not found in /home/travis/build/f3l1x/dbals-benchmark/src/YetORM/v8.0/vendor/uestla/yetorm/src/YetORM/Repository.php on line 52

Error: Class 'Model\Repository\Entity\Employee' not found in /home/travis/build/f3l1x/dbals-benchmark/src/YetORM/v8.0/vendor/uestla/yetorm/src/YetORM/Repository.php on line 52

Call Stack:
    0.0002     377416   1. {main}() /home/travis/build/f3l1x/dbals-benchmark/src/YetORM/v8.0/run-employees.php:0
    0.0120    2093896   2. YetORM\EntityCollection->rewind() /home/travis/build/f3l1x/dbals-benchmark/src/YetORM/v8.0/run-employees.php:31
    0.0120    2093896   3. YetORM\EntityCollection->loadData() /home/travis/build/f3l1x/dbals-benchmark/src/YetORM/v8.0/vendor/uestla/yetorm/src/YetORM/EntityCollection.php:158
    0.0323    2923872   4. Nette\Utils\Callback::invoke() /home/travis/build/f3l1x/dbals-benchmark/src/YetORM/v8.0/vendor/uestla/yetorm/src/YetORM/EntityCollection.php:87
    0.0323    2924248   5. call_user_func_array:{/home/travis/build/f3l1x/dbals-benchmark/src/YetORM/v8.0/vendor/nette/utils/src/Utils/Callback.php:62}() /home/travis/build/f3l1x/dbals-benchmark/src/YetORM/v8.0/vendor/nette/utils/src/Utils/Callback.php:62
    0.0323    2924640   6. YetORM\Repository->createEntity() /home/travis/build/f3l1x/dbals-benchmark/src/YetORM/v8.0/vendor/nette/utils/src/Utils/Callback.php:62

LeanMapper      | ^2.2.0          | Time:  0.797 s | Memory: 12.8 MB | PHP: 7.0.15
NotORM          | dev-master      | Time:  2.527 s | Memory:  7.5 MB | PHP: 7.0.15
Doctrine2       | ^2.4.0          | Time:  1.615 s | Memory: 16.8 MB | PHP: 7.0.15



Processor: Intel(R) Xeon(R) CPU E5-2680 v2 @ 2.80GHz | CPU: 2800.139 | RAM: 61829564 kB
First run (create cache files)

Fatal error: Uncaught exception 'Nette\MemberAccessException' with message 'Call to undefined method Nette\Database\Connection::setCacheStorage().' in /home/travis/build/f3l1x/dbals-benchmark/src/NetteDatabase/v2.0/vendor/nette/utils/src/Utils/ObjectMixin.php on line 100

Nette\MemberAccessException: Call to undefined method Nette\Database\Connection::setCacheStorage(). in /home/travis/build/f3l1x/dbals-benchmark/src/NetteDatabase/v2.0/vendor/nette/utils/src/Utils/ObjectMixin.php on line 100

Call Stack:
    0.0003     253304   1. {main}() /home/travis/build/f3l1x/dbals-benchmark/src/NetteDatabase/v2.0/run-employees.php:0
    0.0185    2099968   2. Nette\Database\Connection->setCacheStorage() /home/travis/build/f3l1x/dbals-benchmark/src/NetteDatabase/v2.0/run-employees.php:20
    0.0185    2100344   3. Nette\Object->__call() /home/travis/build/f3l1x/dbals-benchmark/src/NetteDatabase/v2.0/run-employees.php:20
    0.0185    2100344   4. Nette\Utils\ObjectMixin::call() /home/travis/build/f3l1x/dbals-benchmark/src/NetteDatabase/v2.0/vendor/nette/utils/src/Utils/Object.php:74


Deprecated: Nette\Database\Reflection\DiscoveredReflection() is deprecated; use Nette\Database\Conventions\DiscoveredConventions instead. in /home/travis/build/f3l1x/dbals-benchmark/src/NetteDatabase/v2.1/vendor/nette/database/src/Database/deprecated/DiscoveredReflection.php on line 34

Call Stack:
    0.0005     252128   1. {main}() /home/travis/build/f3l1x/dbals-benchmark/src/NetteDatabase/v2.1/run-employees.php:0
    0.0239    2210992   2. Nette\Database\Reflection\DiscoveredReflection->__construct() /home/travis/build/f3l1x/dbals-benchmark/src/NetteDatabase/v2.1/run-employees.php:23
    0.0239    2211280   3. trigger_error() /home/travis/build/f3l1x/dbals-benchmark/src/NetteDatabase/v2.1/vendor/nette/database/src/Database/deprecated/DiscoveredReflection.php:34


Catchable fatal error: Argument 2 passed to Nette\Database\Context::__construct() must be an instance of Nette\Database\IStructure, instance of Nette\Database\Reflection\DiscoveredReflection given, called in /home/travis/build/f3l1x/dbals-benchmark/src/NetteDatabase/v2.1/run-employees.php on line 25 and defined in /home/travis/build/f3l1x/dbals-benchmark/src/NetteDatabase/v2.1/vendor/nette/database/src/Database/Context.php on line 32

Call Stack:
    0.0005     252128   1. {main}() /home/travis/build/f3l1x/dbals-benchmark/src/NetteDatabase/v2.1/run-employees.php:0
    0.0253    2306464   2. Nette\Database\Context->__construct() /home/travis/build/f3l1x/dbals-benchmark/src/NetteDatabase/v2.1/run-employees.php:25


Deprecated: Nette\Database\Reflection\DiscoveredReflection() is deprecated; use Nette\Database\Conventions\DiscoveredConventions instead. in /home/travis/build/f3l1x/dbals-benchmark/src/NetteDatabase/v2.2/vendor/nette/database/src/Database/deprecated/DiscoveredReflection.php on line 34

Call Stack:
    0.0003     252128   1. {main}() /home/travis/build/f3l1x/dbals-benchmark/src/NetteDatabase/v2.2/run-employees.php:0
    0.0082    1165472   2. Nette\Database\Reflection\DiscoveredReflection->__construct() /home/travis/build/f3l1x/dbals-benchmark/src/NetteDatabase/v2.2/run-employees.php:23
    0.0082    1165760   3. trigger_error() /home/travis/build/f3l1x/dbals-benchmark/src/NetteDatabase/v2.2/vendor/nette/database/src/Database/deprecated/DiscoveredReflection.php:34


Catchable fatal error: Argument 2 passed to Nette\Database\Context::__construct() must be an instance of Nette\Database\IStructure, instance of Nette\Database\Reflection\DiscoveredReflection given, called in /home/travis/build/f3l1x/dbals-benchmark/src/NetteDatabase/v2.2/run-employees.php on line 25 and defined in /home/travis/build/f3l1x/dbals-benchmark/src/NetteDatabase/v2.2/vendor/nette/database/src/Database/Context.php on line 32

Call Stack:
    0.0003     252128   1. {main}() /home/travis/build/f3l1x/dbals-benchmark/src/NetteDatabase/v2.2/run-employees.php:0
    0.0090    1262984   2. Nette\Database\Context->__construct() /home/travis/build/f3l1x/dbals-benchmark/src/NetteDatabase/v2.2/run-employees.php:25

NetteDatabase   | ^2.3.0          | Time:  1.051 s | Memory: 19.3 MB | PHP: 5.5.21
Install library using `install` for all or manually `composer install` for every library
Skip:This library needs >=7.0.0, current version is 5.5.21.
Nextras\Orm     | ^1.0.0          | Time:  1.440 s | Memory: 25.3 MB | PHP: 5.5.21

Fatal error: Class 'Model\Repository\Entity\Employee' not found in /home/travis/build/f3l1x/dbals-benchmark/src/YetORM/v8.0/vendor/uestla/yetorm/src/YetORM/Repository.php on line 52

Call Stack:
    0.0004     254736   1. {main}() /home/travis/build/f3l1x/dbals-benchmark/src/YetORM/v8.0/run-employees.php:0
    0.0435    2586232   2. YetORM\EntityCollection->rewind() /home/travis/build/f3l1x/dbals-benchmark/src/YetORM/v8.0/run-employees.php:31
    0.0435    2586464   3. YetORM\EntityCollection->loadData() /home/travis/build/f3l1x/dbals-benchmark/src/YetORM/v8.0/vendor/uestla/yetorm/src/YetORM/EntityCollection.php:158
    0.0684    3658784   4. Nette\Utils\Callback::invoke() /home/travis/build/f3l1x/dbals-benchmark/src/YetORM/v8.0/vendor/uestla/yetorm/src/YetORM/EntityCollection.php:87
    0.0685    3659184   5. call_user_func_array:{/home/travis/build/f3l1x/dbals-benchmark/src/YetORM/v8.0/vendor/nette/utils/src/Utils/Callback.php:65}() /home/travis/build/f3l1x/dbals-benchmark/src/YetORM/v8.0/vendor/nette/utils/src/Utils/Callback.php:65
    0.0685    3659248   6. YetORM\Repository->createEntity() /home/travis/build/f3l1x/dbals-benchmark/src/YetORM/v8.0/vendor/nette/utils/src/Utils/Callback.php:65

LeanMapper      | ^2.2.0          | Time:  0.853 s | Memory: 17.3 MB | PHP: 5.5.21
NotORM          | dev-master      | Time:  4.130 s | Memory: 13.2 MB | PHP: 5.5.21
Install library using `install` for all or manually `composer install` for every library


Second run (use cache)

Fatal error: Uncaught exception 'Nette\MemberAccessException' with message 'Call to undefined method Nette\Database\Connection::setCacheStorage().' in /home/travis/build/f3l1x/dbals-benchmark/src/NetteDatabase/v2.0/vendor/nette/utils/src/Utils/ObjectMixin.php on line 100

Nette\MemberAccessException: Call to undefined method Nette\Database\Connection::setCacheStorage(). in /home/travis/build/f3l1x/dbals-benchmark/src/NetteDatabase/v2.0/vendor/nette/utils/src/Utils/ObjectMixin.php on line 100

Call Stack:
    0.0002     253304   1. {main}() /home/travis/build/f3l1x/dbals-benchmark/src/NetteDatabase/v2.0/run-employees.php:0
    0.0134    2099968   2. Nette\Database\Connection->setCacheStorage() /home/travis/build/f3l1x/dbals-benchmark/src/NetteDatabase/v2.0/run-employees.php:20
    0.0134    2100344   3. Nette\Object->__call() /home/travis/build/f3l1x/dbals-benchmark/src/NetteDatabase/v2.0/run-employees.php:20
    0.0134    2100344   4. Nette\Utils\ObjectMixin::call() /home/travis/build/f3l1x/dbals-benchmark/src/NetteDatabase/v2.0/vendor/nette/utils/src/Utils/Object.php:74


Deprecated: Nette\Database\Reflection\DiscoveredReflection() is deprecated; use Nette\Database\Conventions\DiscoveredConventions instead. in /home/travis/build/f3l1x/dbals-benchmark/src/NetteDatabase/v2.1/vendor/nette/database/src/Database/deprecated/DiscoveredReflection.php on line 34

Call Stack:
    0.0002     252128   1. {main}() /home/travis/build/f3l1x/dbals-benchmark/src/NetteDatabase/v2.1/run-employees.php:0
    0.0132    2210992   2. Nette\Database\Reflection\DiscoveredReflection->__construct() /home/travis/build/f3l1x/dbals-benchmark/src/NetteDatabase/v2.1/run-employees.php:23
    0.0132    2211280   3. trigger_error() /home/travis/build/f3l1x/dbals-benchmark/src/NetteDatabase/v2.1/vendor/nette/database/src/Database/deprecated/DiscoveredReflection.php:34


Catchable fatal error: Argument 2 passed to Nette\Database\Context::__construct() must be an instance of Nette\Database\IStructure, instance of Nette\Database\Reflection\DiscoveredReflection given, called in /home/travis/build/f3l1x/dbals-benchmark/src/NetteDatabase/v2.1/run-employees.php on line 25 and defined in /home/travis/build/f3l1x/dbals-benchmark/src/NetteDatabase/v2.1/vendor/nette/database/src/Database/Context.php on line 32

Call Stack:
    0.0002     252128   1. {main}() /home/travis/build/f3l1x/dbals-benchmark/src/NetteDatabase/v2.1/run-employees.php:0
    0.0140    2306464   2. Nette\Database\Context->__construct() /home/travis/build/f3l1x/dbals-benchmark/src/NetteDatabase/v2.1/run-employees.php:25


Deprecated: Nette\Database\Reflection\DiscoveredReflection() is deprecated; use Nette\Database\Conventions\DiscoveredConventions instead. in /home/travis/build/f3l1x/dbals-benchmark/src/NetteDatabase/v2.2/vendor/nette/database/src/Database/deprecated/DiscoveredReflection.php on line 34

Call Stack:
    0.0003     252128   1. {main}() /home/travis/build/f3l1x/dbals-benchmark/src/NetteDatabase/v2.2/run-employees.php:0
    0.0106    1165472   2. Nette\Database\Reflection\DiscoveredReflection->__construct() /home/travis/build/f3l1x/dbals-benchmark/src/NetteDatabase/v2.2/run-employees.php:23
    0.0106    1165760   3. trigger_error() /home/travis/build/f3l1x/dbals-benchmark/src/NetteDatabase/v2.2/vendor/nette/database/src/Database/deprecated/DiscoveredReflection.php:34


Catchable fatal error: Argument 2 passed to Nette\Database\Context::__construct() must be an instance of Nette\Database\IStructure, instance of Nette\Database\Reflection\DiscoveredReflection given, called in /home/travis/build/f3l1x/dbals-benchmark/src/NetteDatabase/v2.2/run-employees.php on line 25 and defined in /home/travis/build/f3l1x/dbals-benchmark/src/NetteDatabase/v2.2/vendor/nette/database/src/Database/Context.php on line 32

Call Stack:
    0.0003     252128   1. {main}() /home/travis/build/f3l1x/dbals-benchmark/src/NetteDatabase/v2.2/run-employees.php:0
    0.0120    1262984   2. Nette\Database\Context->__construct() /home/travis/build/f3l1x/dbals-benchmark/src/NetteDatabase/v2.2/run-employees.php:25

NetteDatabase   | ^2.3.0          | Time:  0.941 s | Memory: 16.8 MB | PHP: 5.5.21
Install library using `install` for all or manually `composer install` for every library
Skip:This library needs >=7.0.0, current version is 5.5.21.
Nextras\Orm     | ^1.0.0          | Time:  1.313 s | Memory: 25.0 MB | PHP: 5.5.21

Fatal error: Class 'Model\Repository\Entity\Employee' not found in /home/travis/build/f3l1x/dbals-benchmark/src/YetORM/v8.0/vendor/uestla/yetorm/src/YetORM/Repository.php on line 52

Call Stack:
    0.0003     254736   1. {main}() /home/travis/build/f3l1x/dbals-benchmark/src/YetORM/v8.0/run-employees.php:0
    0.0261    2473400   2. YetORM\EntityCollection->rewind() /home/travis/build/f3l1x/dbals-benchmark/src/YetORM/v8.0/run-employees.php:31
    0.0261    2473632   3. YetORM\EntityCollection->loadData() /home/travis/build/f3l1x/dbals-benchmark/src/YetORM/v8.0/vendor/uestla/yetorm/src/YetORM/EntityCollection.php:158
    0.0741    3632416   4. Nette\Utils\Callback::invoke() /home/travis/build/f3l1x/dbals-benchmark/src/YetORM/v8.0/vendor/uestla/yetorm/src/YetORM/EntityCollection.php:87
    0.0741    3632816   5. call_user_func_array:{/home/travis/build/f3l1x/dbals-benchmark/src/YetORM/v8.0/vendor/nette/utils/src/Utils/Callback.php:65}() /home/travis/build/f3l1x/dbals-benchmark/src/YetORM/v8.0/vendor/nette/utils/src/Utils/Callback.php:65
    0.0742    3632880   6. YetORM\Repository->createEntity() /home/travis/build/f3l1x/dbals-benchmark/src/YetORM/v8.0/vendor/nette/utils/src/Utils/Callback.php:65

LeanMapper      | ^2.2.0          | Time:  0.848 s | Memory: 17.3 MB | PHP: 5.5.21
NotORM          | dev-master      | Time:  3.872 s | Memory: 13.2 MB | PHP: 5.5.21
Install library using `install` for all or manually `composer install` for every library



Processor: Intel(R) Xeon(R) CPU E5-2680 v2 @ 2.80GHz | CPU: 2793.394 | RAM: 61829552 kB
First run (create cache files)

Fatal error: Uncaught exception 'Nette\MemberAccessException' with message 'Call to undefined method Nette\Database\Connection::setCacheStorage().' in /home/travis/build/f3l1x/dbals-benchmark/src/NetteDatabase/v2.0/vendor/nette/utils/src/Utils/ObjectMixin.php on line 70

Nette\MemberAccessException: Call to undefined method Nette\Database\Connection::setCacheStorage(). in /home/travis/build/f3l1x/dbals-benchmark/src/NetteDatabase/v2.0/vendor/nette/utils/src/Utils/ObjectMixin.php on line 70

Call Stack:
    0.0002     253368   1. {main}() /home/travis/build/f3l1x/dbals-benchmark/src/NetteDatabase/v2.0/run-employees.php:0
    0.0165    2731992   2. Nette\Database\Connection->setCacheStorage() /home/travis/build/f3l1x/dbals-benchmark/src/NetteDatabase/v2.0/run-employees.php:20
    0.0165    2732344   3. Nette\Database\Connection->__call() /home/travis/build/f3l1x/dbals-benchmark/src/NetteDatabase/v2.0/run-employees.php:20
    0.0167    2737976   4. Nette\Utils\ObjectMixin::strictCall() /home/travis/build/f3l1x/dbals-benchmark/src/NetteDatabase/v2.0/vendor/nette/utils/src/Utils/SmartObject.php:76


Fatal error: Class 'Nette\Database\Reflection\DiscoveredReflection' not found in /home/travis/build/f3l1x/dbals-benchmark/src/NetteDatabase/v2.1/run-employees.php on line 23

Call Stack:
    0.0002     252192   1. {main}() /home/travis/build/f3l1x/dbals-benchmark/src/NetteDatabase/v2.1/run-employees.php:0


Fatal error: Class 'Nette\Database\Reflection\DiscoveredReflection' not found in /home/travis/build/f3l1x/dbals-benchmark/src/NetteDatabase/v2.2/run-employees.php on line 23

Call Stack:
    0.0003     252192   1. {main}() /home/travis/build/f3l1x/dbals-benchmark/src/NetteDatabase/v2.2/run-employees.php:0

NetteDatabase   | ^2.3.0          | Time:  1.853 s | Memory: 17.9 MB | PHP: 5.6.5

Fatal error: Uncaught exception 'Nette\DirectoryNotFoundException' with message 'Directory '/home/travis/build/f3l1x/dbals-benchmark/src/NetteDatabase/v2.4/temp' not found.' in /home/travis/build/f3l1x/dbals-benchmark/src/NetteDatabase/v2.4/vendor/nette/caching/src/Caching/Storages/FileStorage.php on line 69

Nette\DirectoryNotFoundException: Directory '/home/travis/build/f3l1x/dbals-benchmark/src/NetteDatabase/v2.4/temp' not found. in /home/travis/build/f3l1x/dbals-benchmark/src/NetteDatabase/v2.4/vendor/nette/caching/src/Caching/Storages/FileStorage.php on line 69

Call Stack:
    0.0002     253056   1. {main}() /home/travis/build/f3l1x/dbals-benchmark/src/NetteDatabase/v2.4/run-employees.php:0
    0.0029     614536   2. Nette\Caching\Storages\FileStorage->__construct() /home/travis/build/f3l1x/dbals-benchmark/src/NetteDatabase/v2.4/run-employees.php:14

Skip:This library needs >=7.0.0, current version is 5.6.5.
Nextras\Orm     | ^1.0.0          | Time:  1.294 s | Memory: 25.4 MB | PHP: 5.6.5

Fatal error: Class 'Model\Repository\Entity\Employee' not found in /home/travis/build/f3l1x/dbals-benchmark/src/YetORM/v8.0/vendor/uestla/yetorm/src/YetORM/Repository.php on line 52

Call Stack:
    0.0002     254800   1. {main}() /home/travis/build/f3l1x/dbals-benchmark/src/YetORM/v8.0/run-employees.php:0
    0.0281    2823328   2. YetORM\EntityCollection->rewind() /home/travis/build/f3l1x/dbals-benchmark/src/YetORM/v8.0/run-employees.php:31
    0.0281    2823560   3. YetORM\EntityCollection->loadData() /home/travis/build/f3l1x/dbals-benchmark/src/YetORM/v8.0/vendor/uestla/yetorm/src/YetORM/EntityCollection.php:158
    0.0507    3906720   4. Nette\Utils\Callback::invoke() /home/travis/build/f3l1x/dbals-benchmark/src/YetORM/v8.0/vendor/uestla/yetorm/src/YetORM/EntityCollection.php:87
    0.0507    3907072   5. call_user_func_array:{/home/travis/build/f3l1x/dbals-benchmark/src/YetORM/v8.0/vendor/nette/utils/src/Utils/Callback.php:62}() /home/travis/build/f3l1x/dbals-benchmark/src/YetORM/v8.0/vendor/nette/utils/src/Utils/Callback.php:62
    0.0507    3907440   6. YetORM\Repository->createEntity() /home/travis/build/f3l1x/dbals-benchmark/src/YetORM/v8.0/vendor/nette/utils/src/Utils/Callback.php:62

LeanMapper      | ^2.2.0          | Time:  0.747 s | Memory: 17.3 MB | PHP: 5.6.5
NotORM          | dev-master      | Time:  3.111 s | Memory: 13.0 MB | PHP: 5.6.5
Doctrine2       | ^2.4.0          | Time:  8.344 s | Memory: 23.6 MB | PHP: 5.6.5


Second run (use cache)

Fatal error: Uncaught exception 'Nette\MemberAccessException' with message 'Call to undefined method Nette\Database\Connection::setCacheStorage().' in /home/travis/build/f3l1x/dbals-benchmark/src/NetteDatabase/v2.0/vendor/nette/utils/src/Utils/ObjectMixin.php on line 70

Nette\MemberAccessException: Call to undefined method Nette\Database\Connection::setCacheStorage(). in /home/travis/build/f3l1x/dbals-benchmark/src/NetteDatabase/v2.0/vendor/nette/utils/src/Utils/ObjectMixin.php on line 70

Call Stack:
    0.0002     253368   1. {main}() /home/travis/build/f3l1x/dbals-benchmark/src/NetteDatabase/v2.0/run-employees.php:0
    0.0168    2731992   2. Nette\Database\Connection->setCacheStorage() /home/travis/build/f3l1x/dbals-benchmark/src/NetteDatabase/v2.0/run-employees.php:20
    0.0168    2732344   3. Nette\Database\Connection->__call() /home/travis/build/f3l1x/dbals-benchmark/src/NetteDatabase/v2.0/run-employees.php:20
    0.0171    2737976   4. Nette\Utils\ObjectMixin::strictCall() /home/travis/build/f3l1x/dbals-benchmark/src/NetteDatabase/v2.0/vendor/nette/utils/src/Utils/SmartObject.php:76


Fatal error: Class 'Nette\Database\Reflection\DiscoveredReflection' not found in /home/travis/build/f3l1x/dbals-benchmark/src/NetteDatabase/v2.1/run-employees.php on line 23

Call Stack:
    0.0002     252192   1. {main}() /home/travis/build/f3l1x/dbals-benchmark/src/NetteDatabase/v2.1/run-employees.php:0


Fatal error: Class 'Nette\Database\Reflection\DiscoveredReflection' not found in /home/travis/build/f3l1x/dbals-benchmark/src/NetteDatabase/v2.2/run-employees.php on line 23

Call Stack:
    0.0002     252192   1. {main}() /home/travis/build/f3l1x/dbals-benchmark/src/NetteDatabase/v2.2/run-employees.php:0

NetteDatabase   | ^2.3.0          | Time:  1.941 s | Memory: 15.4 MB | PHP: 5.6.5

Fatal error: Uncaught exception 'Nette\DirectoryNotFoundException' with message 'Directory '/home/travis/build/f3l1x/dbals-benchmark/src/NetteDatabase/v2.4/temp' not found.' in /home/travis/build/f3l1x/dbals-benchmark/src/NetteDatabase/v2.4/vendor/nette/caching/src/Caching/Storages/FileStorage.php on line 69

Nette\DirectoryNotFoundException: Directory '/home/travis/build/f3l1x/dbals-benchmark/src/NetteDatabase/v2.4/temp' not found. in /home/travis/build/f3l1x/dbals-benchmark/src/NetteDatabase/v2.4/vendor/nette/caching/src/Caching/Storages/FileStorage.php on line 69

Call Stack:
    0.0002     253056   1. {main}() /home/travis/build/f3l1x/dbals-benchmark/src/NetteDatabase/v2.4/run-employees.php:0
    0.0027     614536   2. Nette\Caching\Storages\FileStorage->__construct() /home/travis/build/f3l1x/dbals-benchmark/src/NetteDatabase/v2.4/run-employees.php:14

Skip:This library needs >=7.0.0, current version is 5.6.5.
Nextras\Orm     | ^1.0.0          | Time:  1.110 s | Memory: 25.1 MB | PHP: 5.6.5

Fatal error: Class 'Model\Repository\Entity\Employee' not found in /home/travis/build/f3l1x/dbals-benchmark/src/YetORM/v8.0/vendor/uestla/yetorm/src/YetORM/Repository.php on line 52

Call Stack:
    0.0002     254800   1. {main}() /home/travis/build/f3l1x/dbals-benchmark/src/YetORM/v8.0/run-employees.php:0
    0.0156    2701824   2. YetORM\EntityCollection->rewind() /home/travis/build/f3l1x/dbals-benchmark/src/YetORM/v8.0/run-employees.php:31
    0.0156    2702056   3. YetORM\EntityCollection->loadData() /home/travis/build/f3l1x/dbals-benchmark/src/YetORM/v8.0/vendor/uestla/yetorm/src/YetORM/EntityCollection.php:158
    0.0396    3880536   4. Nette\Utils\Callback::invoke() /home/travis/build/f3l1x/dbals-benchmark/src/YetORM/v8.0/vendor/uestla/yetorm/src/YetORM/EntityCollection.php:87
    0.0396    3880888   5. call_user_func_array:{/home/travis/build/f3l1x/dbals-benchmark/src/YetORM/v8.0/vendor/nette/utils/src/Utils/Callback.php:62}() /home/travis/build/f3l1x/dbals-benchmark/src/YetORM/v8.0/vendor/nette/utils/src/Utils/Callback.php:62
    0.0396    3881256   6. YetORM\Repository->createEntity() /home/travis/build/f3l1x/dbals-benchmark/src/YetORM/v8.0/vendor/nette/utils/src/Utils/Callback.php:62

LeanMapper      | ^2.2.0          | Time:  0.767 s | Memory: 17.3 MB | PHP: 5.6.5
NotORM          | dev-master      | Time:  3.247 s | Memory: 13.0 MB | PHP: 5.6.5
Doctrine2       | ^2.4.0          | Time:  1.711 s | Memory: 21.3 MB | PHP: 5.6.5



Processor: Intel(R) Xeon(R) CPU E5-2680 v2 @ 2.80GHz | CPU: 2783.084 | RAM: 61829552 kB
First run (create cache files)

Fatal error: Uncaught exception 'Nette\MemberAccessException' with message 'Call to undefined method Nette\Database\Connection::setCacheStorage().' in /home/travis/build/f3l1x/dbals-benchmark/src/NetteDatabase/v2.0/vendor/nette/utils/src/Utils/ObjectMixin.php on line 100

Nette\MemberAccessException: Call to undefined method Nette\Database\Connection::setCacheStorage(). in /home/travis/build/f3l1x/dbals-benchmark/src/NetteDatabase/v2.0/vendor/nette/utils/src/Utils/ObjectMixin.php on line 100

Call Stack:
    0.0002     252680   1. {main}() /home/travis/build/f3l1x/dbals-benchmark/src/NetteDatabase/v2.0/run-employees.php:0
    0.0129    2095120   2. Nette\Database\Connection->setCacheStorage() /home/travis/build/f3l1x/dbals-benchmark/src/NetteDatabase/v2.0/run-employees.php:20
    0.0129    2095472   3. Nette\Object->__call() /home/travis/build/f3l1x/dbals-benchmark/src/NetteDatabase/v2.0/run-employees.php:20
    0.0129    2095472   4. Nette\Utils\ObjectMixin::call() /home/travis/build/f3l1x/dbals-benchmark/src/NetteDatabase/v2.0/vendor/nette/utils/src/Utils/Object.php:74


Deprecated: Nette\Database\Reflection\DiscoveredReflection() is deprecated; use Nette\Database\Conventions\DiscoveredConventions instead. in /home/travis/build/f3l1x/dbals-benchmark/src/NetteDatabase/v2.1/vendor/nette/database/src/Database/deprecated/DiscoveredReflection.php on line 34

Call Stack:
    0.0002     251544   1. {main}() /home/travis/build/f3l1x/dbals-benchmark/src/NetteDatabase/v2.1/run-employees.php:0
    0.0134    2205192   2. Nette\Database\Reflection\DiscoveredReflection->__construct() /home/travis/build/f3l1x/dbals-benchmark/src/NetteDatabase/v2.1/run-employees.php:23
    0.0134    2205640   3. trigger_error() /home/travis/build/f3l1x/dbals-benchmark/src/NetteDatabase/v2.1/vendor/nette/database/src/Database/deprecated/DiscoveredReflection.php:34


Catchable fatal error: Argument 2 passed to Nette\Database\Context::__construct() must be an instance of Nette\Database\IStructure, instance of Nette\Database\Reflection\DiscoveredReflection given, called in /home/travis/build/f3l1x/dbals-benchmark/src/NetteDatabase/v2.1/run-employees.php on line 25 and defined in /home/travis/build/f3l1x/dbals-benchmark/src/NetteDatabase/v2.1/vendor/nette/database/src/Database/Context.php on line 32

Call Stack:
    0.0002     251544   1. {main}() /home/travis/build/f3l1x/dbals-benchmark/src/NetteDatabase/v2.1/run-employees.php:0
    0.0142    2300392   2. Nette\Database\Context->__construct() /home/travis/build/f3l1x/dbals-benchmark/src/NetteDatabase/v2.1/run-employees.php:25


Deprecated: Nette\Database\Reflection\DiscoveredReflection() is deprecated; use Nette\Database\Conventions\DiscoveredConventions instead. in /home/travis/build/f3l1x/dbals-benchmark/src/NetteDatabase/v2.2/vendor/nette/database/src/Database/deprecated/DiscoveredReflection.php on line 34

Call Stack:
    0.0003     251544   1. {main}() /home/travis/build/f3l1x/dbals-benchmark/src/NetteDatabase/v2.2/run-employees.php:0
    0.0069    1162752   2. Nette\Database\Reflection\DiscoveredReflection->__construct() /home/travis/build/f3l1x/dbals-benchmark/src/NetteDatabase/v2.2/run-employees.php:23
    0.0069    1163200   3. trigger_error() /home/travis/build/f3l1x/dbals-benchmark/src/NetteDatabase/v2.2/vendor/nette/database/src/Database/deprecated/DiscoveredReflection.php:34


Catchable fatal error: Argument 2 passed to Nette\Database\Context::__construct() must be an instance of Nette\Database\IStructure, instance of Nette\Database\Reflection\DiscoveredReflection given, called in /home/travis/build/f3l1x/dbals-benchmark/src/NetteDatabase/v2.2/run-employees.php on line 25 and defined in /home/travis/build/f3l1x/dbals-benchmark/src/NetteDatabase/v2.2/vendor/nette/database/src/Database/Context.php on line 32

Call Stack:
    0.0003     251544   1. {main}() /home/travis/build/f3l1x/dbals-benchmark/src/NetteDatabase/v2.2/run-employees.php:0
    0.0077    1260112   2. Nette\Database\Context->__construct() /home/travis/build/f3l1x/dbals-benchmark/src/NetteDatabase/v2.2/run-employees.php:25

NetteDatabase   | ^2.3.0          | Time:  0.886 s | Memory: 19.3 MB | PHP: 5.4.37
Install library using `install` for all or manually `composer install` for every library
Skip:This library needs >=7.0.0, current version is 5.4.37.
Nextras\Orm     | ^1.0.0          | Time:  1.368 s | Memory: 25.3 MB | PHP: 5.4.37

Fatal error: Class 'Model\Repository\Entity\Employee' not found in /home/travis/build/f3l1x/dbals-benchmark/src/YetORM/v8.0/vendor/uestla/yetorm/src/YetORM/Repository.php on line 52

Call Stack:
    0.0002     254152   1. {main}() /home/travis/build/f3l1x/dbals-benchmark/src/YetORM/v8.0/run-employees.php:0
    0.0272    2580272   2. YetORM\EntityCollection->rewind() /home/travis/build/f3l1x/dbals-benchmark/src/YetORM/v8.0/run-employees.php:31
    0.0272    2580368   3. YetORM\EntityCollection->loadData() /home/travis/build/f3l1x/dbals-benchmark/src/YetORM/v8.0/vendor/uestla/yetorm/src/YetORM/EntityCollection.php:158
    0.0511    3652328   4. Nette\Utils\Callback::invoke() /home/travis/build/f3l1x/dbals-benchmark/src/YetORM/v8.0/vendor/uestla/yetorm/src/YetORM/EntityCollection.php:87
    0.0511    3652784   5. call_user_func_array:{/home/travis/build/f3l1x/dbals-benchmark/src/YetORM/v8.0/vendor/nette/utils/src/Utils/Callback.php:65}() /home/travis/build/f3l1x/dbals-benchmark/src/YetORM/v8.0/vendor/nette/utils/src/Utils/Callback.php:65
    0.0511    3652816   6. YetORM\Repository->createEntity() /home/travis/build/f3l1x/dbals-benchmark/src/YetORM/v8.0/vendor/nette/utils/src/Utils/Callback.php:65

LeanMapper      | ^2.2.0          | Time:  0.914 s | Memory: 17.3 MB | PHP: 5.4.37
NotORM          | dev-master      | Time:  3.459 s | Memory: 13.2 MB | PHP: 5.4.37
Install library using `install` for all or manually `composer install` for every library


Second run (use cache)

Fatal error: Uncaught exception 'Nette\MemberAccessException' with message 'Call to undefined method Nette\Database\Connection::setCacheStorage().' in /home/travis/build/f3l1x/dbals-benchmark/src/NetteDatabase/v2.0/vendor/nette/utils/src/Utils/ObjectMixin.php on line 100

Nette\MemberAccessException: Call to undefined method Nette\Database\Connection::setCacheStorage(). in /home/travis/build/f3l1x/dbals-benchmark/src/NetteDatabase/v2.0/vendor/nette/utils/src/Utils/ObjectMixin.php on line 100

Call Stack:
    0.0002     252680   1. {main}() /home/travis/build/f3l1x/dbals-benchmark/src/NetteDatabase/v2.0/run-employees.php:0
    0.0124    2095120   2. Nette\Database\Connection->setCacheStorage() /home/travis/build/f3l1x/dbals-benchmark/src/NetteDatabase/v2.0/run-employees.php:20
    0.0124    2095472   3. Nette\Object->__call() /home/travis/build/f3l1x/dbals-benchmark/src/NetteDatabase/v2.0/run-employees.php:20
    0.0124    2095472   4. Nette\Utils\ObjectMixin::call() /home/travis/build/f3l1x/dbals-benchmark/src/NetteDatabase/v2.0/vendor/nette/utils/src/Utils/Object.php:74


Deprecated: Nette\Database\Reflection\DiscoveredReflection() is deprecated; use Nette\Database\Conventions\DiscoveredConventions instead. in /home/travis/build/f3l1x/dbals-benchmark/src/NetteDatabase/v2.1/vendor/nette/database/src/Database/deprecated/DiscoveredReflection.php on line 34

Call Stack:
    0.0002     251544   1. {main}() /home/travis/build/f3l1x/dbals-benchmark/src/NetteDatabase/v2.1/run-employees.php:0
    0.0136    2205192   2. Nette\Database\Reflection\DiscoveredReflection->__construct() /home/travis/build/f3l1x/dbals-benchmark/src/NetteDatabase/v2.1/run-employees.php:23
    0.0136    2205640   3. trigger_error() /home/travis/build/f3l1x/dbals-benchmark/src/NetteDatabase/v2.1/vendor/nette/database/src/Database/deprecated/DiscoveredReflection.php:34


Catchable fatal error: Argument 2 passed to Nette\Database\Context::__construct() must be an instance of Nette\Database\IStructure, instance of Nette\Database\Reflection\DiscoveredReflection given, called in /home/travis/build/f3l1x/dbals-benchmark/src/NetteDatabase/v2.1/run-employees.php on line 25 and defined in /home/travis/build/f3l1x/dbals-benchmark/src/NetteDatabase/v2.1/vendor/nette/database/src/Database/Context.php on line 32

Call Stack:
    0.0002     251544   1. {main}() /home/travis/build/f3l1x/dbals-benchmark/src/NetteDatabase/v2.1/run-employees.php:0
    0.0143    2300392   2. Nette\Database\Context->__construct() /home/travis/build/f3l1x/dbals-benchmark/src/NetteDatabase/v2.1/run-employees.php:25


Deprecated: Nette\Database\Reflection\DiscoveredReflection() is deprecated; use Nette\Database\Conventions\DiscoveredConventions instead. in /home/travis/build/f3l1x/dbals-benchmark/src/NetteDatabase/v2.2/vendor/nette/database/src/Database/deprecated/DiscoveredReflection.php on line 34

Call Stack:
    0.0002     251544   1. {main}() /home/travis/build/f3l1x/dbals-benchmark/src/NetteDatabase/v2.2/run-employees.php:0
    0.0070    1162752   2. Nette\Database\Reflection\DiscoveredReflection->__construct() /home/travis/build/f3l1x/dbals-benchmark/src/NetteDatabase/v2.2/run-employees.php:23
    0.0070    1163200   3. trigger_error() /home/travis/build/f3l1x/dbals-benchmark/src/NetteDatabase/v2.2/vendor/nette/database/src/Database/deprecated/DiscoveredReflection.php:34


Catchable fatal error: Argument 2 passed to Nette\Database\Context::__construct() must be an instance of Nette\Database\IStructure, instance of Nette\Database\Reflection\DiscoveredReflection given, called in /home/travis/build/f3l1x/dbals-benchmark/src/NetteDatabase/v2.2/run-employees.php on line 25 and defined in /home/travis/build/f3l1x/dbals-benchmark/src/NetteDatabase/v2.2/vendor/nette/database/src/Database/Context.php on line 32

Call Stack:
    0.0002     251544   1. {main}() /home/travis/build/f3l1x/dbals-benchmark/src/NetteDatabase/v2.2/run-employees.php:0
    0.0079    1260112   2. Nette\Database\Context->__construct() /home/travis/build/f3l1x/dbals-benchmark/src/NetteDatabase/v2.2/run-employees.php:25

NetteDatabase   | ^2.3.0          | Time:  0.933 s | Memory: 16.8 MB | PHP: 5.4.37
Install library using `install` for all or manually `composer install` for every library
Skip:This library needs >=7.0.0, current version is 5.4.37.
Nextras\Orm     | ^1.0.0          | Time:  1.200 s | Memory: 25.0 MB | PHP: 5.4.37

Fatal error: Class 'Model\Repository\Entity\Employee' not found in /home/travis/build/f3l1x/dbals-benchmark/src/YetORM/v8.0/vendor/uestla/yetorm/src/YetORM/Repository.php on line 52

Call Stack:
    0.0002     254152   1. {main}() /home/travis/build/f3l1x/dbals-benchmark/src/YetORM/v8.0/run-employees.php:0
    0.0143    2467672   2. YetORM\EntityCollection->rewind() /home/travis/build/f3l1x/dbals-benchmark/src/YetORM/v8.0/run-employees.php:31
    0.0143    2467768   3. YetORM\EntityCollection->loadData() /home/travis/build/f3l1x/dbals-benchmark/src/YetORM/v8.0/vendor/uestla/yetorm/src/YetORM/EntityCollection.php:158
    0.0470    3626016   4. Nette\Utils\Callback::invoke() /home/travis/build/f3l1x/dbals-benchmark/src/YetORM/v8.0/vendor/uestla/yetorm/src/YetORM/EntityCollection.php:87
    0.0470    3626472   5. call_user_func_array:{/home/travis/build/f3l1x/dbals-benchmark/src/YetORM/v8.0/vendor/nette/utils/src/Utils/Callback.php:65}() /home/travis/build/f3l1x/dbals-benchmark/src/YetORM/v8.0/vendor/nette/utils/src/Utils/Callback.php:65
    0.0471    3626504   6. YetORM\Repository->createEntity() /home/travis/build/f3l1x/dbals-benchmark/src/YetORM/v8.0/vendor/nette/utils/src/Utils/Callback.php:65

LeanMapper      | ^2.2.0          | Time:  0.820 s | Memory: 17.3 MB | PHP: 5.4.37
NotORM          | dev-master      | Time:  3.420 s | Memory: 13.2 MB | PHP: 5.4.37
Install library using `install` for all or manually `composer install` for every library



Processor: Intel(R) Xeon(R) CPU E5-2680 v2 @ 2.80GHz | CPU: 2800.190 | RAM: 61829552 kB
First run (create cache files)
Skip:This library needs <7.0.0, current version is 7.0.15.

Fatal error: Uncaught Error: Class 'Nette\Database\Reflection\DiscoveredReflection' not found in /home/travis/build/f3l1x/dbals-benchmark/src/NetteDatabase/v2.1/run-employees.php on line 23

Error: Class 'Nette\Database\Reflection\DiscoveredReflection' not found in /home/travis/build/f3l1x/dbals-benchmark/src/NetteDatabase/v2.1/run-employees.php on line 23

Call Stack:
    0.0002     376832   1. {main}() /home/travis/build/f3l1x/dbals-benchmark/src/NetteDatabase/v2.1/run-employees.php:0


Fatal error: Uncaught Error: Class 'Nette\Database\Reflection\DiscoveredReflection' not found in /home/travis/build/f3l1x/dbals-benchmark/src/NetteDatabase/v2.2/run-employees.php on line 23

Error: Class 'Nette\Database\Reflection\DiscoveredReflection' not found in /home/travis/build/f3l1x/dbals-benchmark/src/NetteDatabase/v2.2/run-employees.php on line 23

Call Stack:
    0.0002     376832   1. {main}() /home/travis/build/f3l1x/dbals-benchmark/src/NetteDatabase/v2.2/run-employees.php:0

NetteDatabase   | ^2.3.0          | Time:  2.537 s | Memory: 14.5 MB | PHP: 7.0.15

Fatal error: Uncaught Nette\DirectoryNotFoundException: Directory '/home/travis/build/f3l1x/dbals-benchmark/src/NetteDatabase/v2.4/temp' not found. in /home/travis/build/f3l1x/dbals-benchmark/src/NetteDatabase/v2.4/vendor/nette/caching/src/Caching/Storages/FileStorage.php on line 69

Nette\DirectoryNotFoundException: Directory '/home/travis/build/f3l1x/dbals-benchmark/src/NetteDatabase/v2.4/temp' not found. in /home/travis/build/f3l1x/dbals-benchmark/src/NetteDatabase/v2.4/vendor/nette/caching/src/Caching/Storages/FileStorage.php on line 69

Call Stack:
    0.0002     377040   1. {main}() /home/travis/build/f3l1x/dbals-benchmark/src/NetteDatabase/v2.4/run-employees.php:0
    0.0021     632888   2. Nette\Caching\Storages\FileStorage->__construct() /home/travis/build/f3l1x/dbals-benchmark/src/NetteDatabase/v2.4/run-employees.php:14

Install library using `install` for all or manually `composer install` for every library
Nextras\Orm     | ^1.0.0          | Time:  1.429 s | Memory: 19.5 MB | PHP: 7.0.15

Fatal error: Uncaught Error: Class 'Model\Repository\Entity\Employee' not found in /home/travis/build/f3l1x/dbals-benchmark/src/YetORM/v8.0/vendor/uestla/yetorm/src/YetORM/Repository.php on line 52

Error: Class 'Model\Repository\Entity\Employee' not found in /home/travis/build/f3l1x/dbals-benchmark/src/YetORM/v8.0/vendor/uestla/yetorm/src/YetORM/Repository.php on line 52

Call Stack:
    0.0003     377448   1. {main}() /home/travis/build/f3l1x/dbals-benchmark/src/YetORM/v8.0/run-employees.php:0
    0.0339    2163264   2. YetORM\EntityCollection->rewind() /home/travis/build/f3l1x/dbals-benchmark/src/YetORM/v8.0/run-employees.php:31
    0.0339    2163264   3. YetORM\EntityCollection->loadData() /home/travis/build/f3l1x/dbals-benchmark/src/YetORM/v8.0/vendor/uestla/yetorm/src/YetORM/EntityCollection.php:158
    0.0562    2924336   4. Nette\Utils\Callback::invoke() /home/travis/build/f3l1x/dbals-benchmark/src/YetORM/v8.0/vendor/uestla/yetorm/src/YetORM/EntityCollection.php:87
    0.0563    2924712   5. call_user_func_array:{/home/travis/build/f3l1x/dbals-benchmark/src/YetORM/v8.0/vendor/nette/utils/src/Utils/Callback.php:62}() /home/travis/build/f3l1x/dbals-benchmark/src/YetORM/v8.0/vendor/nette/utils/src/Utils/Callback.php:62
    0.0563    2925104   6. YetORM\Repository->createEntity() /home/travis/build/f3l1x/dbals-benchmark/src/YetORM/v8.0/vendor/nette/utils/src/Utils/Callback.php:62

LeanMapper      | ^2.2.0          | Time:  1.112 s | Memory: 12.8 MB | PHP: 7.0.15
NotORM          | dev-master      | Time:  2.959 s | Memory:  7.5 MB | PHP: 7.0.15
Doctrine2       | ^2.4.0          | Time:  9.116 s | Memory: 18.3 MB | PHP: 7.0.15


Second run (use cache)
Skip:This library needs <7.0.0, current version is 7.0.15.

Fatal error: Uncaught Error: Class 'Nette\Database\Reflection\DiscoveredReflection' not found in /home/travis/build/f3l1x/dbals-benchmark/src/NetteDatabase/v2.1/run-employees.php on line 23

Error: Class 'Nette\Database\Reflection\DiscoveredReflection' not found in /home/travis/build/f3l1x/dbals-benchmark/src/NetteDatabase/v2.1/run-employees.php on line 23

Call Stack:
    0.0002     376832   1. {main}() /home/travis/build/f3l1x/dbals-benchmark/src/NetteDatabase/v2.1/run-employees.php:0


Fatal error: Uncaught Error: Class 'Nette\Database\Reflection\DiscoveredReflection' not found in /home/travis/build/f3l1x/dbals-benchmark/src/NetteDatabase/v2.2/run-employees.php on line 23

Error: Class 'Nette\Database\Reflection\DiscoveredReflection' not found in /home/travis/build/f3l1x/dbals-benchmark/src/NetteDatabase/v2.2/run-employees.php on line 23

Call Stack:
    0.0002     376832   1. {main}() /home/travis/build/f3l1x/dbals-benchmark/src/NetteDatabase/v2.2/run-employees.php:0

NetteDatabase   | ^2.3.0          | Time:  2.734 s | Memory: 12.2 MB | PHP: 7.0.15

Fatal error: Uncaught Nette\DirectoryNotFoundException: Directory '/home/travis/build/f3l1x/dbals-benchmark/src/NetteDatabase/v2.4/temp' not found. in /home/travis/build/f3l1x/dbals-benchmark/src/NetteDatabase/v2.4/vendor/nette/caching/src/Caching/Storages/FileStorage.php on line 69

Nette\DirectoryNotFoundException: Directory '/home/travis/build/f3l1x/dbals-benchmark/src/NetteDatabase/v2.4/temp' not found. in /home/travis/build/f3l1x/dbals-benchmark/src/NetteDatabase/v2.4/vendor/nette/caching/src/Caching/Storages/FileStorage.php on line 69

Call Stack:
    0.0002     377040   1. {main}() /home/travis/build/f3l1x/dbals-benchmark/src/NetteDatabase/v2.4/run-employees.php:0
    0.0024     632888   2. Nette\Caching\Storages\FileStorage->__construct() /home/travis/build/f3l1x/dbals-benchmark/src/NetteDatabase/v2.4/run-employees.php:14

Install library using `install` for all or manually `composer install` for every library
Nextras\Orm     | ^1.0.0          | Time:  1.206 s | Memory: 19.2 MB | PHP: 7.0.15

Fatal error: Uncaught Error: Class 'Model\Repository\Entity\Employee' not found in /home/travis/build/f3l1x/dbals-benchmark/src/YetORM/v8.0/vendor/uestla/yetorm/src/YetORM/Repository.php on line 52

Error: Class 'Model\Repository\Entity\Employee' not found in /home/travis/build/f3l1x/dbals-benchmark/src/YetORM/v8.0/vendor/uestla/yetorm/src/YetORM/Repository.php on line 52

Call Stack:
    0.0002     377448   1. {main}() /home/travis/build/f3l1x/dbals-benchmark/src/YetORM/v8.0/run-employees.php:0
    0.0131    2094160   2. YetORM\EntityCollection->rewind() /home/travis/build/f3l1x/dbals-benchmark/src/YetORM/v8.0/run-employees.php:31
    0.0131    2094160   3. YetORM\EntityCollection->loadData() /home/travis/build/f3l1x/dbals-benchmark/src/YetORM/v8.0/vendor/uestla/yetorm/src/YetORM/EntityCollection.php:158
    0.0353    2924136   4. Nette\Utils\Callback::invoke() /home/travis/build/f3l1x/dbals-benchmark/src/YetORM/v8.0/vendor/uestla/yetorm/src/YetORM/EntityCollection.php:87
    0.0353    2924512   5. call_user_func_array:{/home/travis/build/f3l1x/dbals-benchmark/src/YetORM/v8.0/vendor/nette/utils/src/Utils/Callback.php:62}() /home/travis/build/f3l1x/dbals-benchmark/src/YetORM/v8.0/vendor/nette/utils/src/Utils/Callback.php:62
    0.0353    2924904   6. YetORM\Repository->createEntity() /home/travis/build/f3l1x/dbals-benchmark/src/YetORM/v8.0/vendor/nette/utils/src/Utils/Callback.php:62

LeanMapper      | ^2.2.0          | Time:  0.827 s | Memory: 12.8 MB | PHP: 7.0.15
NotORM          | dev-master      | Time:  2.943 s | Memory:  7.5 MB | PHP: 7.0.15
Doctrine2       | ^2.4.0          | Time:  2.078 s | Memory: 16.8 MB | PHP: 7.0.15



Processor: Intel(R) Xeon(R) CPU E5-2680 v2 @ 2.80GHz | CPU: 2793.345 | RAM: 61829552 kB
First run (create cache files)

Fatal error: Uncaught exception 'Nette\MemberAccessException' with message 'Call to undefined method Nette\Database\Connection::setCacheStorage().' in /home/travis/build/f3l1x/dbals-benchmark/src/NetteDatabase/v2.0/vendor/nette/utils/src/Utils/ObjectMixin.php:70
Stack trace:
#0 /home/travis/build/f3l1x/dbals-benchmark/src/NetteDatabase/v2.0/vendor/nette/utils/src/Utils/SmartObject.php(76): Nette\Utils\ObjectMixin::strictCall()
#1 /home/travis/build/f3l1x/dbals-benchmark/src/NetteDatabase/v2.0/run-employees.php(20): Nette\Database\Connection->__call()
#2 {main}

Fatal error: Class undefined: Nette\Database\Reflection\DiscoveredReflection in /home/travis/build/f3l1x/dbals-benchmark/src/NetteDatabase/v2.1/run-employees.php on line 23

Fatal error: Class undefined: Nette\Database\Reflection\DiscoveredReflection in /home/travis/build/f3l1x/dbals-benchmark/src/NetteDatabase/v2.2/run-employees.php on line 23

Fatal error: Unpacking unsupported for calls to functions that take any arguments by reference in /home/travis/build/f3l1x/dbals-benchmark/src/NetteDatabase/v2.3/vendor/nette/utils/src/Utils/Callback.php on line 98
Georgi Facello (10001)
Salaries:

Fatal error: Uncaught exception 'Nette\DirectoryNotFoundException' with message 'Directory '/home/travis/build/f3l1x/dbals-benchmark/src/NetteDatabase/v2.4/temp' not found.' in /home/travis/build/f3l1x/dbals-benchmark/src/NetteDatabase/v2.4/vendor/nette/caching/src/Caching/Storages/FileStorage.php:69
Stack trace:
#0 /home/travis/build/f3l1x/dbals-benchmark/src/NetteDatabase/v2.4/run-employees.php(14): Nette\Caching\Storages\FileStorage->__construct()
#1 {main}
Skip:This library needs >=7.0.0, current version is 5.6.99-hhvm.

Fatal error: Unpacking unsupported for calls to functions that take any arguments by reference in /home/travis/build/f3l1x/dbals-benchmark/src/NextrasOrm/v1.0/vendor/nette/utils/src/Utils/Callback.php on line 98

Fatal error: Unpacking unsupported for calls to functions that take any arguments by reference in /home/travis/build/f3l1x/dbals-benchmark/src/YetORM/v8.0/vendor/nette/utils/src/Utils/Callback.php on line 98
LeanMapper      | ^2.2.0          | Time:  1.655 s | Memory:  6.0 MB | PHP: 5.6.99-hhvm
NotORM          | dev-master      | Time:  0.677 s | Memory:  4.0 MB | PHP: 5.6.99-hhvm
Doctrine2       | ^2.4.0          | Time: 17.628 s | Memory:  6.0 MB | PHP: 5.6.99-hhvm


Second run (use cache)

Fatal error: Uncaught exception 'Nette\MemberAccessException' with message 'Call to undefined method Nette\Database\Connection::setCacheStorage().' in /home/travis/build/f3l1x/dbals-benchmark/src/NetteDatabase/v2.0/vendor/nette/utils/src/Utils/ObjectMixin.php:70
Stack trace:
#0 /home/travis/build/f3l1x/dbals-benchmark/src/NetteDatabase/v2.0/vendor/nette/utils/src/Utils/SmartObject.php(76): Nette\Utils\ObjectMixin::strictCall()
#1 /home/travis/build/f3l1x/dbals-benchmark/src/NetteDatabase/v2.0/run-employees.php(20): Nette\Database\Connection->__call()
#2 {main}

Fatal error: Class undefined: Nette\Database\Reflection\DiscoveredReflection in /home/travis/build/f3l1x/dbals-benchmark/src/NetteDatabase/v2.1/run-employees.php on line 23

Fatal error: Class undefined: Nette\Database\Reflection\DiscoveredReflection in /home/travis/build/f3l1x/dbals-benchmark/src/NetteDatabase/v2.2/run-employees.php on line 23

Fatal error: Unpacking unsupported for calls to functions that take any arguments by reference in /home/travis/build/f3l1x/dbals-benchmark/src/NetteDatabase/v2.3/vendor/nette/utils/src/Utils/Callback.php on line 98
Georgi Facello (10001)
Salaries:

Fatal error: Uncaught exception 'Nette\DirectoryNotFoundException' with message 'Directory '/home/travis/build/f3l1x/dbals-benchmark/src/NetteDatabase/v2.4/temp' not found.' in /home/travis/build/f3l1x/dbals-benchmark/src/NetteDatabase/v2.4/vendor/nette/caching/src/Caching/Storages/FileStorage.php:69
Stack trace:
#0 /home/travis/build/f3l1x/dbals-benchmark/src/NetteDatabase/v2.4/run-employees.php(14): Nette\Caching\Storages\FileStorage->__construct()
#1 {main}
Skip:This library needs >=7.0.0, current version is 5.6.99-hhvm.

Fatal error: Unpacking unsupported for calls to functions that take any arguments by reference in /home/travis/build/f3l1x/dbals-benchmark/src/NextrasOrm/v1.0/vendor/nette/utils/src/Utils/Callback.php on line 98

Fatal error: Unpacking unsupported for calls to functions that take any arguments by reference in /home/travis/build/f3l1x/dbals-benchmark/src/YetORM/v8.0/vendor/nette/utils/src/Utils/Callback.php on line 98
LeanMapper      | ^2.2.0          | Time:  1.402 s | Memory:  6.0 MB | PHP: 5.6.99-hhvm
NotORM          | dev-master      | Time:  0.701 s | Memory:  4.0 MB | PHP: 5.6.99-hhvm
Doctrine2       | ^2.4.0          | Time:  2.686 s | Memory:  6.0 MB | PHP: 5.6.99-hhvm



Processor: Intel(R) Xeon(R) CPU E5-2680 v2 @ 2.80GHz | CPU: 2800.133 | RAM: 61829552 kB
First run (create cache files)
NetteDatabase   | ~2.0.0          | Time:  9.470 s | Memory: 18.3 MB | PHP: 5.5.21
NetteDatabase   | ~2.1.0          | Time:  0.973 s | Memory: 17.2 MB | PHP: 5.5.21
NetteDatabase   | ~2.2.0          | Time:  0.870 s | Memory: 16.9 MB | PHP: 5.5.21
NetteDatabase   | ~2.3.0          | Time:  0.908 s | Memory: 19.3 MB | PHP: 5.5.21
Skip:This library needs >=5.6.0, current version is 5.5.21.
Skip:This library needs >=7.0.0, current version is 5.5.21.
Nextras\Orm     | ~1.1.0          | Time:  1.461 s | Memory: 25.3 MB | PHP: 5.5.21

Fatal error: Class 'Model\Repository\Entity\Employee' not found in /home/travis/build/f3l1x/dbals-benchmark/src/YetORM/v8.0/vendor/uestla/yetorm/src/YetORM/Repository.php on line 52

Call Stack:
    0.0002     254728   1. {main}() /home/travis/build/f3l1x/dbals-benchmark/src/YetORM/v8.0/run-employees.php:0
    0.0276    2586056   2. YetORM\EntityCollection->rewind() /home/travis/build/f3l1x/dbals-benchmark/src/YetORM/v8.0/run-employees.php:31
    0.0276    2586288   3. YetORM\EntityCollection->loadData() /home/travis/build/f3l1x/dbals-benchmark/src/YetORM/v8.0/vendor/uestla/yetorm/src/YetORM/EntityCollection.php:158
    0.0514    3658624   4. Nette\Utils\Callback::invoke() /home/travis/build/f3l1x/dbals-benchmark/src/YetORM/v8.0/vendor/uestla/yetorm/src/YetORM/EntityCollection.php:87
    0.0514    3659024   5. call_user_func_array:{/home/travis/build/f3l1x/dbals-benchmark/src/YetORM/v8.0/vendor/nette/utils/src/Utils/Callback.php:65}() /home/travis/build/f3l1x/dbals-benchmark/src/YetORM/v8.0/vendor/nette/utils/src/Utils/Callback.php:65
    0.0514    3659088   6. YetORM\Repository->createEntity() /home/travis/build/f3l1x/dbals-benchmark/src/YetORM/v8.0/vendor/nette/utils/src/Utils/Callback.php:65

LeanMapper      | ^2.2.0          | Time:  0.839 s | Memory: 17.3 MB | PHP: 5.5.21
NotORM          | dev-master      | Time:  3.863 s | Memory: 13.2 MB | PHP: 5.5.21
Install library using `install` for all or manually `composer install` for every library


Second run (use cache)
NetteDatabase   | ~2.0.0          | Time:  9.923 s | Memory: 15.8 MB | PHP: 5.5.21
NetteDatabase   | ~2.1.0          | Time:  0.925 s | Memory: 14.6 MB | PHP: 5.5.21
NetteDatabase   | ~2.2.0          | Time:  0.913 s | Memory: 14.4 MB | PHP: 5.5.21
NetteDatabase   | ~2.3.0          | Time:  0.904 s | Memory: 16.8 MB | PHP: 5.5.21
Skip:This library needs >=5.6.0, current version is 5.5.21.
Skip:This library needs >=7.0.0, current version is 5.5.21.
Nextras\Orm     | ~1.1.0          | Time:  1.234 s | Memory: 25.0 MB | PHP: 5.5.21

Fatal error: Class 'Model\Repository\Entity\Employee' not found in /home/travis/build/f3l1x/dbals-benchmark/src/YetORM/v8.0/vendor/uestla/yetorm/src/YetORM/Repository.php on line 52

Call Stack:
    0.0003     254728   1. {main}() /home/travis/build/f3l1x/dbals-benchmark/src/YetORM/v8.0/run-employees.php:0
    0.0148    2473456   2. YetORM\EntityCollection->rewind() /home/travis/build/f3l1x/dbals-benchmark/src/YetORM/v8.0/run-employees.php:31
    0.0148    2473688   3. YetORM\EntityCollection->loadData() /home/travis/build/f3l1x/dbals-benchmark/src/YetORM/v8.0/vendor/uestla/yetorm/src/YetORM/EntityCollection.php:158
    0.0400    3632440   4. Nette\Utils\Callback::invoke() /home/travis/build/f3l1x/dbals-benchmark/src/YetORM/v8.0/vendor/uestla/yetorm/src/YetORM/EntityCollection.php:87
    0.0400    3632840   5. call_user_func_array:{/home/travis/build/f3l1x/dbals-benchmark/src/YetORM/v8.0/vendor/nette/utils/src/Utils/Callback.php:65}() /home/travis/build/f3l1x/dbals-benchmark/src/YetORM/v8.0/vendor/nette/utils/src/Utils/Callback.php:65
    0.0400    3632904   6. YetORM\Repository->createEntity() /home/travis/build/f3l1x/dbals-benchmark/src/YetORM/v8.0/vendor/nette/utils/src/Utils/Callback.php:65

LeanMapper      | ^2.2.0          | Time:  0.796 s | Memory: 17.3 MB | PHP: 5.5.21
NotORM          | dev-master      | Time:  3.833 s | Memory: 13.2 MB | PHP: 5.5.21
Install library using `install` for all or manually `composer install` for every library



Processor: Intel(R) Xeon(R) CPU E5-2680 v2 @ 2.80GHz | CPU: 2800.075 | RAM: 61829552 kB
First run (create cache files)
NetteDatabase   | ~2.0.0          | Time:  9.877 s | Memory: 18.3 MB | PHP: 5.4.37
NetteDatabase   | ~2.1.0          | Time:  0.946 s | Memory: 17.2 MB | PHP: 5.4.37
NetteDatabase   | ~2.2.0          | Time:  0.928 s | Memory: 16.9 MB | PHP: 5.4.37
NetteDatabase   | ~2.3.0          | Time:  1.139 s | Memory: 19.3 MB | PHP: 5.4.37
Skip:This library needs >=5.6.0, current version is 5.4.37.
Skip:This library needs >=7.0.0, current version is 5.4.37.
Nextras\Orm     | ~1.1.0          | Time:  1.416 s | Memory: 25.3 MB | PHP: 5.4.37

Fatal error: Class 'Model\Repository\Entity\Employee' not found in /home/travis/build/f3l1x/dbals-benchmark/src/YetORM/v8.0/vendor/uestla/yetorm/src/YetORM/Repository.php on line 52

Call Stack:
    0.0002     254144   1. {main}() /home/travis/build/f3l1x/dbals-benchmark/src/YetORM/v8.0/run-employees.php:0
    0.0379    2580320   2. YetORM\EntityCollection->rewind() /home/travis/build/f3l1x/dbals-benchmark/src/YetORM/v8.0/run-employees.php:31
    0.0379    2580416   3. YetORM\EntityCollection->loadData() /home/travis/build/f3l1x/dbals-benchmark/src/YetORM/v8.0/vendor/uestla/yetorm/src/YetORM/EntityCollection.php:158
    0.0690    3652400   4. Nette\Utils\Callback::invoke() /home/travis/build/f3l1x/dbals-benchmark/src/YetORM/v8.0/vendor/uestla/yetorm/src/YetORM/EntityCollection.php:87
    0.0690    3652856   5. call_user_func_array:{/home/travis/build/f3l1x/dbals-benchmark/src/YetORM/v8.0/vendor/nette/utils/src/Utils/Callback.php:65}() /home/travis/build/f3l1x/dbals-benchmark/src/YetORM/v8.0/vendor/nette/utils/src/Utils/Callback.php:65
    0.0690    3652888   6. YetORM\Repository->createEntity() /home/travis/build/f3l1x/dbals-benchmark/src/YetORM/v8.0/vendor/nette/utils/src/Utils/Callback.php:65

LeanMapper      | ^2.2.0          | Time:  0.932 s | Memory: 17.3 MB | PHP: 5.4.37
NotORM          | dev-master      | Time:  3.444 s | Memory: 13.2 MB | PHP: 5.4.37
Install library using `install` for all or manually `composer install` for every library


Second run (use cache)
NetteDatabase   | ~2.0.0          | Time:  9.450 s | Memory: 15.8 MB | PHP: 5.4.37
NetteDatabase   | ~2.1.0          | Time:  0.873 s | Memory: 14.6 MB | PHP: 5.4.37
NetteDatabase   | ~2.2.0          | Time:  0.863 s | Memory: 14.4 MB | PHP: 5.4.37
NetteDatabase   | ~2.3.0          | Time:  0.878 s | Memory: 16.8 MB | PHP: 5.4.37
Skip:This library needs >=5.6.0, current version is 5.4.37.
Skip:This library needs >=7.0.0, current version is 5.4.37.
Nextras\Orm     | ~1.1.0          | Time:  1.210 s | Memory: 25.0 MB | PHP: 5.4.37

Fatal error: Class 'Model\Repository\Entity\Employee' not found in /home/travis/build/f3l1x/dbals-benchmark/src/YetORM/v8.0/vendor/uestla/yetorm/src/YetORM/Repository.php on line 52

Call Stack:
    0.0003     254144   1. {main}() /home/travis/build/f3l1x/dbals-benchmark/src/YetORM/v8.0/run-employees.php:0
    0.0232    2467736   2. YetORM\EntityCollection->rewind() /home/travis/build/f3l1x/dbals-benchmark/src/YetORM/v8.0/run-employees.php:31
    0.0232    2467832   3. YetORM\EntityCollection->loadData() /home/travis/build/f3l1x/dbals-benchmark/src/YetORM/v8.0/vendor/uestla/yetorm/src/YetORM/EntityCollection.php:158
    0.0506    3626032   4. Nette\Utils\Callback::invoke() /home/travis/build/f3l1x/dbals-benchmark/src/YetORM/v8.0/vendor/uestla/yetorm/src/YetORM/EntityCollection.php:87
    0.0507    3626488   5. call_user_func_array:{/home/travis/build/f3l1x/dbals-benchmark/src/YetORM/v8.0/vendor/nette/utils/src/Utils/Callback.php:65}() /home/travis/build/f3l1x/dbals-benchmark/src/YetORM/v8.0/vendor/nette/utils/src/Utils/Callback.php:65
    0.0507    3626520   6. YetORM\Repository->createEntity() /home/travis/build/f3l1x/dbals-benchmark/src/YetORM/v8.0/vendor/nette/utils/src/Utils/Callback.php:65

LeanMapper      | ^2.2.0          | Time:  0.809 s | Memory: 17.3 MB | PHP: 5.4.37
NotORM          | dev-master      | Time:  3.190 s | Memory: 13.2 MB | PHP: 5.4.37
Install library using `install` for all or manually `composer install` for every library



Processor: Intel(R) Xeon(R) CPU E5-2680 v2 @ 2.80GHz | CPU: 2793.418 | RAM: 61829552 kB
First run (create cache files)
NetteDatabase   | ~2.0.0          | Time: 11.764 s | Memory: 18.3 MB | PHP: 5.6.5
NetteDatabase   | ~2.1.0          | Time:  1.001 s | Memory: 17.2 MB | PHP: 5.6.5
NetteDatabase   | ~2.2.0          | Time:  0.926 s | Memory: 17.1 MB | PHP: 5.6.5
NetteDatabase   | ~2.3.0          | Time:  0.955 s | Memory: 19.5 MB | PHP: 5.6.5

Fatal error: Uncaught exception 'Nette\DirectoryNotFoundException' with message 'Directory '/home/travis/build/f3l1x/dbals-benchmark/src/NetteDatabase/v2.4/temp' not found.' in /home/travis/build/f3l1x/dbals-benchmark/src/NetteDatabase/v2.4/vendor/nette/caching/src/Caching/Storages/FileStorage.php on line 69

Nette\DirectoryNotFoundException: Directory '/home/travis/build/f3l1x/dbals-benchmark/src/NetteDatabase/v2.4/temp' not found. in /home/travis/build/f3l1x/dbals-benchmark/src/NetteDatabase/v2.4/vendor/nette/caching/src/Caching/Storages/FileStorage.php on line 69

Call Stack:
    0.0004     253840   1. {main}() /home/travis/build/f3l1x/dbals-benchmark/src/NetteDatabase/v2.4/run-employees.php:0
    0.0048     615440   2. Nette\Caching\Storages\FileStorage->__construct() /home/travis/build/f3l1x/dbals-benchmark/src/NetteDatabase/v2.4/run-employees.php:15

Skip:This library needs >=7.0.0, current version is 5.6.5.
Nextras\Orm     | ~1.1.0          | Time:  1.746 s | Memory: 25.4 MB | PHP: 5.6.5

Fatal error: Class 'Model\Repository\Entity\Employee' not found in /home/travis/build/f3l1x/dbals-benchmark/src/YetORM/v8.0/vendor/uestla/yetorm/src/YetORM/Repository.php on line 52

Call Stack:
    0.0004     254800   1. {main}() /home/travis/build/f3l1x/dbals-benchmark/src/YetORM/v8.0/run-employees.php:0
    0.0520    2823328   2. YetORM\EntityCollection->rewind() /home/travis/build/f3l1x/dbals-benchmark/src/YetORM/v8.0/run-employees.php:31
    0.0520    2823560   3. YetORM\EntityCollection->loadData() /home/travis/build/f3l1x/dbals-benchmark/src/YetORM/v8.0/vendor/uestla/yetorm/src/YetORM/EntityCollection.php:158
    0.0970    3906720   4. Nette\Utils\Callback::invoke() /home/travis/build/f3l1x/dbals-benchmark/src/YetORM/v8.0/vendor/uestla/yetorm/src/YetORM/EntityCollection.php:87
    0.0970    3907072   5. call_user_func_array:{/home/travis/build/f3l1x/dbals-benchmark/src/YetORM/v8.0/vendor/nette/utils/src/Utils/Callback.php:62}() /home/travis/build/f3l1x/dbals-benchmark/src/YetORM/v8.0/vendor/nette/utils/src/Utils/Callback.php:62
    0.0970    3907440   6. YetORM\Repository->createEntity() /home/travis/build/f3l1x/dbals-benchmark/src/YetORM/v8.0/vendor/nette/utils/src/Utils/Callback.php:62

LeanMapper      | ^2.2.0          | Time:  1.067 s | Memory: 17.3 MB | PHP: 5.6.5
NotORM          | dev-master      | Time:  3.940 s | Memory: 13.0 MB | PHP: 5.6.5
Doctrine2       | ~2.4.0          | Time:  9.235 s | Memory: 23.2 MB | PHP: 5.6.5


Second run (use cache)
NetteDatabase   | ~2.0.0          | Time:  9.823 s | Memory: 15.8 MB | PHP: 5.6.5
NetteDatabase   | ~2.1.0          | Time:  0.927 s | Memory: 14.7 MB | PHP: 5.6.5
NetteDatabase   | ~2.2.0          | Time:  1.058 s | Memory: 14.5 MB | PHP: 5.6.5
NetteDatabase   | ~2.3.0          | Time:  0.935 s | Memory: 16.9 MB | PHP: 5.6.5

Fatal error: Uncaught exception 'Nette\DirectoryNotFoundException' with message 'Directory '/home/travis/build/f3l1x/dbals-benchmark/src/NetteDatabase/v2.4/temp' not found.' in /home/travis/build/f3l1x/dbals-benchmark/src/NetteDatabase/v2.4/vendor/nette/caching/src/Caching/Storages/FileStorage.php on line 69

Nette\DirectoryNotFoundException: Directory '/home/travis/build/f3l1x/dbals-benchmark/src/NetteDatabase/v2.4/temp' not found. in /home/travis/build/f3l1x/dbals-benchmark/src/NetteDatabase/v2.4/vendor/nette/caching/src/Caching/Storages/FileStorage.php on line 69

Call Stack:
    0.0003     253840   1. {main}() /home/travis/build/f3l1x/dbals-benchmark/src/NetteDatabase/v2.4/run-employees.php:0
    0.0043     615440   2. Nette\Caching\Storages\FileStorage->__construct() /home/travis/build/f3l1x/dbals-benchmark/src/NetteDatabase/v2.4/run-employees.php:15

Skip:This library needs >=7.0.0, current version is 5.6.5.
Nextras\Orm     | ~1.1.0          | Time:  1.200 s | Memory: 25.1 MB | PHP: 5.6.5

Fatal error: Class 'Model\Repository\Entity\Employee' not found in /home/travis/build/f3l1x/dbals-benchmark/src/YetORM/v8.0/vendor/uestla/yetorm/src/YetORM/Repository.php on line 52

Call Stack:
    0.0004     254800   1. {main}() /home/travis/build/f3l1x/dbals-benchmark/src/YetORM/v8.0/run-employees.php:0
    0.0251    2701824   2. YetORM\EntityCollection->rewind() /home/travis/build/f3l1x/dbals-benchmark/src/YetORM/v8.0/run-employees.php:31
    0.0251    2702056   3. YetORM\EntityCollection->loadData() /home/travis/build/f3l1x/dbals-benchmark/src/YetORM/v8.0/vendor/uestla/yetorm/src/YetORM/EntityCollection.php:158
    0.0503    3880536   4. Nette\Utils\Callback::invoke() /home/travis/build/f3l1x/dbals-benchmark/src/YetORM/v8.0/vendor/uestla/yetorm/src/YetORM/EntityCollection.php:87
    0.0503    3880888   5. call_user_func_array:{/home/travis/build/f3l1x/dbals-benchmark/src/YetORM/v8.0/vendor/nette/utils/src/Utils/Callback.php:62}() /home/travis/build/f3l1x/dbals-benchmark/src/YetORM/v8.0/vendor/nette/utils/src/Utils/Callback.php:62
    0.0503    3881256   6. YetORM\Repository->createEntity() /home/travis/build/f3l1x/dbals-benchmark/src/YetORM/v8.0/vendor/nette/utils/src/Utils/Callback.php:62

LeanMapper      | ^2.2.0          | Time:  1.132 s | Memory: 17.3 MB | PHP: 5.6.5
NotORM          | dev-master      | Time:  3.739 s | Memory: 13.0 MB | PHP: 5.6.5
Doctrine2       | ~2.4.0          | Time:  1.607 s | Memory: 20.6 MB | PHP: 5.6.5



Processor: Intel(R) Xeon(R) CPU E5-2680 v2 @ 2.80GHz | CPU: 2800.171 | RAM: 61829552 kB
First run (create cache files)
NetteDatabase   | ~2.0.0          | Time:  1.492 s | Memory:  8.0 MB | PHP: 5.6.99-hhvm
NetteDatabase   | ~2.1.0          | Time:  0.922 s | Memory:  8.0 MB | PHP: 5.6.99-hhvm

Fatal error: Unpacking unsupported for calls to functions that take any arguments by reference in /home/travis/build/f3l1x/dbals-benchmark/src/NetteDatabase/v2.2/vendor/nette/utils/src/Utils/Callback.php on line 98
Georgi Facello (10001)
Salaries:

Fatal error: Unpacking unsupported for calls to functions that take any arguments by reference in /home/travis/build/f3l1x/dbals-benchmark/src/NetteDatabase/v2.3/vendor/nette/utils/src/Utils/Callback.php on line 98
Georgi Facello (10001)
Salaries:

Fatal error: Uncaught exception 'Nette\DirectoryNotFoundException' with message 'Directory '/home/travis/build/f3l1x/dbals-benchmark/src/NetteDatabase/v2.4/temp' not found.' in /home/travis/build/f3l1x/dbals-benchmark/src/NetteDatabase/v2.4/vendor/nette/caching/src/Caching/Storages/FileStorage.php:69
Stack trace:
#0 /home/travis/build/f3l1x/dbals-benchmark/src/NetteDatabase/v2.4/run-employees.php(15): Nette\Caching\Storages\FileStorage->__construct()
#1 {main}
Skip:This library needs >=7.0.0, current version is 5.6.99-hhvm.

Fatal error: Unpacking unsupported for calls to functions that take any arguments by reference in /home/travis/build/f3l1x/dbals-benchmark/src/NextrasOrm/v1.0/vendor/nette/utils/src/Utils/Callback.php on line 98

Fatal error: Unpacking unsupported for calls to functions that take any arguments by reference in /home/travis/build/f3l1x/dbals-benchmark/src/YetORM/v8.0/vendor/nette/utils/src/Utils/Callback.php on line 98
LeanMapper      | ^2.2.0          | Time:  0.909 s | Memory:  6.0 MB | PHP: 5.6.99-hhvm
NotORM          | dev-master      | Time:  0.426 s | Memory:  4.0 MB | PHP: 5.6.99-hhvm
Doctrine2       | ~2.4.0          | Time:  9.683 s | Memory:  6.0 MB | PHP: 5.6.99-hhvm


Second run (use cache)
NetteDatabase   | ~2.0.0          | Time:  1.299 s | Memory:  8.0 MB | PHP: 5.6.99-hhvm
NetteDatabase   | ~2.1.0          | Time:  0.746 s | Memory:  8.0 MB | PHP: 5.6.99-hhvm

Fatal error: Unpacking unsupported for calls to functions that take any arguments by reference in /home/travis/build/f3l1x/dbals-benchmark/src/NetteDatabase/v2.2/vendor/nette/utils/src/Utils/Callback.php on line 98
Georgi Facello (10001)
Salaries:

Fatal error: Unpacking unsupported for calls to functions that take any arguments by reference in /home/travis/build/f3l1x/dbals-benchmark/src/NetteDatabase/v2.3/vendor/nette/utils/src/Utils/Callback.php on line 98
Georgi Facello (10001)
Salaries:

Fatal error: Uncaught exception 'Nette\DirectoryNotFoundException' with message 'Directory '/home/travis/build/f3l1x/dbals-benchmark/src/NetteDatabase/v2.4/temp' not found.' in /home/travis/build/f3l1x/dbals-benchmark/src/NetteDatabase/v2.4/vendor/nette/caching/src/Caching/Storages/FileStorage.php:69
Stack trace:
#0 /home/travis/build/f3l1x/dbals-benchmark/src/NetteDatabase/v2.4/run-employees.php(15): Nette\Caching\Storages\FileStorage->__construct()
#1 {main}
Skip:This library needs >=7.0.0, current version is 5.6.99-hhvm.

Fatal error: Unpacking unsupported for calls to functions that take any arguments by reference in /home/travis/build/f3l1x/dbals-benchmark/src/NextrasOrm/v1.0/vendor/nette/utils/src/Utils/Callback.php on line 98

Fatal error: Unpacking unsupported for calls to functions that take any arguments by reference in /home/travis/build/f3l1x/dbals-benchmark/src/YetORM/v8.0/vendor/nette/utils/src/Utils/Callback.php on line 98
LeanMapper      | ^2.2.0          | Time:  0.763 s | Memory:  6.0 MB | PHP: 5.6.99-hhvm
NotORM          | dev-master      | Time:  0.395 s | Memory:  4.0 MB | PHP: 5.6.99-hhvm
Doctrine2       | ~2.4.0          | Time:  1.438 s | Memory:  6.0 MB | PHP: 5.6.99-hhvm



Processor: Intel(R) Xeon(R) CPU E5-2680 v2 @ 2.80GHz | CPU: 2793.473 | RAM: 61829552 kB
First run (create cache files)
Skip:This library needs <7.0.0, current version is 7.0.15.
NetteDatabase   | ~2.1.0          | Time:  1.713 s | Memory: 14.0 MB | PHP: 7.0.15
NetteDatabase   | ~2.2.0          | Time:  2.395 s | Memory: 14.1 MB | PHP: 7.0.15
NetteDatabase   | ~2.3.0          | Time:  1.520 s | Memory: 15.7 MB | PHP: 7.0.15

Fatal error: Uncaught Nette\DirectoryNotFoundException: Directory '/home/travis/build/f3l1x/dbals-benchmark/src/NetteDatabase/v2.4/temp' not found. in /home/travis/build/f3l1x/dbals-benchmark/src/NetteDatabase/v2.4/vendor/nette/caching/src/Caching/Storages/FileStorage.php on line 69

Nette\DirectoryNotFoundException: Directory '/home/travis/build/f3l1x/dbals-benchmark/src/NetteDatabase/v2.4/temp' not found. in /home/travis/build/f3l1x/dbals-benchmark/src/NetteDatabase/v2.4/vendor/nette/caching/src/Caching/Storages/FileStorage.php on line 69

Call Stack:
    0.0004     377208   1. {main}() /home/travis/build/f3l1x/dbals-benchmark/src/NetteDatabase/v2.4/run-employees.php:0
    0.0043     633056   2. Nette\Caching\Storages\FileStorage->__construct() /home/travis/build/f3l1x/dbals-benchmark/src/NetteDatabase/v2.4/run-employees.php:15

Install library using `install` for all or manually `composer install` for every library
Nextras\Orm     | ~1.1.0          | Time:  2.123 s | Memory: 19.5 MB | PHP: 7.0.15

Fatal error: Uncaught Error: Class 'Model\Repository\Entity\Employee' not found in /home/travis/build/f3l1x/dbals-benchmark/src/YetORM/v8.0/vendor/uestla/yetorm/src/YetORM/Repository.php on line 52

Error: Class 'Model\Repository\Entity\Employee' not found in /home/travis/build/f3l1x/dbals-benchmark/src/YetORM/v8.0/vendor/uestla/yetorm/src/YetORM/Repository.php on line 52

Call Stack:
    0.0003     377440   1. {main}() /home/travis/build/f3l1x/dbals-benchmark/src/YetORM/v8.0/run-employees.php:0
    0.2745    2163256   2. YetORM\EntityCollection->rewind() /home/travis/build/f3l1x/dbals-benchmark/src/YetORM/v8.0/run-employees.php:31
    0.2745    2163256   3. YetORM\EntityCollection->loadData() /home/travis/build/f3l1x/dbals-benchmark/src/YetORM/v8.0/vendor/uestla/yetorm/src/YetORM/EntityCollection.php:158
    0.3162    2924328   4. Nette\Utils\Callback::invoke() /home/travis/build/f3l1x/dbals-benchmark/src/YetORM/v8.0/vendor/uestla/yetorm/src/YetORM/EntityCollection.php:87
    0.3162    2924704   5. call_user_func_array:{/home/travis/build/f3l1x/dbals-benchmark/src/YetORM/v8.0/vendor/nette/utils/src/Utils/Callback.php:62}() /home/travis/build/f3l1x/dbals-benchmark/src/YetORM/v8.0/vendor/nette/utils/src/Utils/Callback.php:62
    0.3162    2925096   6. YetORM\Repository->createEntity() /home/travis/build/f3l1x/dbals-benchmark/src/YetORM/v8.0/vendor/nette/utils/src/Utils/Callback.php:62

LeanMapper      | ^2.2.0          | Time:  1.298 s | Memory: 12.8 MB | PHP: 7.0.15
NotORM          | dev-master      | Time:  4.887 s | Memory:  7.5 MB | PHP: 7.0.15
Doctrine2       | ~2.4.0          | Time: 14.597 s | Memory: 18.2 MB | PHP: 7.0.15


Second run (use cache)
Skip:This library needs <7.0.0, current version is 7.0.15.
NetteDatabase   | ~2.1.0          | Time:  2.352 s | Memory: 11.8 MB | PHP: 7.0.15
NetteDatabase   | ~2.2.0          | Time:  1.485 s | Memory: 11.8 MB | PHP: 7.0.15
NetteDatabase   | ~2.3.0          | Time:  1.438 s | Memory: 13.4 MB | PHP: 7.0.15

Fatal error: Uncaught Nette\DirectoryNotFoundException: Directory '/home/travis/build/f3l1x/dbals-benchmark/src/NetteDatabase/v2.4/temp' not found. in /home/travis/build/f3l1x/dbals-benchmark/src/NetteDatabase/v2.4/vendor/nette/caching/src/Caching/Storages/FileStorage.php on line 69

Nette\DirectoryNotFoundException: Directory '/home/travis/build/f3l1x/dbals-benchmark/src/NetteDatabase/v2.4/temp' not found. in /home/travis/build/f3l1x/dbals-benchmark/src/NetteDatabase/v2.4/vendor/nette/caching/src/Caching/Storages/FileStorage.php on line 69

Call Stack:
    0.0003     377208   1. {main}() /home/travis/build/f3l1x/dbals-benchmark/src/NetteDatabase/v2.4/run-employees.php:0
    0.0043     633056   2. Nette\Caching\Storages\FileStorage->__construct() /home/travis/build/f3l1x/dbals-benchmark/src/NetteDatabase/v2.4/run-employees.php:15

Install library using `install` for all or manually `composer install` for every library
Nextras\Orm     | ~1.1.0          | Time:  2.495 s | Memory: 19.2 MB | PHP: 7.0.15

Fatal error: Uncaught Error: Class 'Model\Repository\Entity\Employee' not found in /home/travis/build/f3l1x/dbals-benchmark/src/YetORM/v8.0/vendor/uestla/yetorm/src/YetORM/Repository.php on line 52

Error: Class 'Model\Repository\Entity\Employee' not found in /home/travis/build/f3l1x/dbals-benchmark/src/YetORM/v8.0/vendor/uestla/yetorm/src/YetORM/Repository.php on line 52

Call Stack:
    0.0003     377440   1. {main}() /home/travis/build/f3l1x/dbals-benchmark/src/YetORM/v8.0/run-employees.php:0
    0.0252    2094152   2. YetORM\EntityCollection->rewind() /home/travis/build/f3l1x/dbals-benchmark/src/YetORM/v8.0/run-employees.php:31
    0.0254    2094152   3. YetORM\EntityCollection->loadData() /home/travis/build/f3l1x/dbals-benchmark/src/YetORM/v8.0/vendor/uestla/yetorm/src/YetORM/EntityCollection.php:158
    0.0691    2924128   4. Nette\Utils\Callback::invoke() /home/travis/build/f3l1x/dbals-benchmark/src/YetORM/v8.0/vendor/uestla/yetorm/src/YetORM/EntityCollection.php:87
    0.0691    2924504   5. call_user_func_array:{/home/travis/build/f3l1x/dbals-benchmark/src/YetORM/v8.0/vendor/nette/utils/src/Utils/Callback.php:62}() /home/travis/build/f3l1x/dbals-benchmark/src/YetORM/v8.0/vendor/nette/utils/src/Utils/Callback.php:62
    0.0691    2924896   6. YetORM\Repository->createEntity() /home/travis/build/f3l1x/dbals-benchmark/src/YetORM/v8.0/vendor/nette/utils/src/Utils/Callback.php:62

LeanMapper      | ^2.2.0          | Time:  1.692 s | Memory: 12.8 MB | PHP: 7.0.15
NotORM          | dev-master      | Time:  4.736 s | Memory:  7.5 MB | PHP: 7.0.15
Doctrine2       | ~2.4.0          | Time:  1.825 s | Memory: 16.5 MB | PHP: 7.0.15



